2025-09-30 22:55:22,872 INFO [1759244120140-camera_capture]                 Book.java:562  | 1 sheet in C:\Dev\Balik-Suling-Updated-FreelanceProject-main\backend\uploads\1759244120140-camera_capture.png
2025-09-30 22:55:23,158 INFO []                 Book.java:2531 | Stored /book.xml
2025-09-30 22:55:23,159 INFO []                 Book.java:2491 | Book stored as C:\Dev\Balik-Suling-Updated-FreelanceProject-main\backend\omr-out\1759244120142\1759244120140-camera_capture.omr
2025-09-30 22:55:23,169 INFO []                 Book.java:1933 | Book reaching PAGE on sheets:[#1]
2025-09-30 22:55:23,172 INFO [1759244120140-camera_capture]       StepMonitoring.java:98   | LOAD
2025-09-30 22:55:23,223 INFO [1759244120140-camera_capture]            SheetStub.java:1273 | Loaded image #1 300x200 from C:\Dev\Balik-Suling-Updated-FreelanceProject-main\backend\uploads\1759244120140-camera_capture.png
2025-09-30 22:55:23,229 INFO [1759244120140-camera_capture]            ImageUtil.java:206  | Discarding alpha band ...
2025-09-30 22:55:23,252 INFO [1759244120140-camera_capture]            ImageUtil.java:124  | Converting max RGB to gray
2025-09-30 22:55:23,267 INFO [1759244120140-camera_capture]       StepMonitoring.java:98   | BINARY
2025-09-30 22:55:23,372 INFO [1759244120140-camera_capture]       StepMonitoring.java:98   | SCALE
2025-09-30 22:55:23,384 WARN [1759244120140-camera_capture]            SheetStub.java:412  | 1759244120140-camera_capture

 With a too low interline value of 3 pixels,
 either this sheet contains no multi-line staves,
 or the picture resolution is too low (try 300 DPI).

 This interline value is NOT RELIABLE!
2025-09-30 22:55:23,385 INFO [1759244120140-camera_capture]                 Book.java:545  | Created scores: []
2025-09-30 22:55:23,386 INFO [1759244120140-camera_capture]            SheetStub.java:1191 | Sheet 1759244120140-camera_capture flagged as invalid.
2025-09-30 22:55:23,387 INFO [1759244120140-camera_capture]            SheetStub.java:1410 | StepException cause detected in [LOAD, BINARY, SCALE, GRID, HEADERS, STEM_SEEDS, BEAMS, LEDGERS, HEADS, STEMS, REDUCTION, CUE_BEAMS, TEXTS, MEASURES, CHORDS, CURVES, SYMBOLS, LINKS, RHYTHMS, PAGE]
2025-09-30 22:55:23,387 INFO [1759244120140-camera_capture]                 Book.java:2550 | Book{1759244120140-camera_capture} storing
2025-09-30 22:55:23,410 INFO [1759244120140-camera_capture]                 Book.java:2531 | Stored /book.xml
2025-09-30 22:55:23,444 INFO [1759244120140-camera_capture]           DataHolder.java:348  | Stored /sheet#1/BINARY.png
2025-09-30 22:55:23,843 INFO [1759244120140-camera_capture]                Sheet.java:1583 | Stored /sheet#1/sheet#1.xml
2025-09-30 22:55:23,843 INFO [1759244120140-camera_capture]                 Book.java:2491 | Book stored as C:\Dev\Balik-Suling-Updated-FreelanceProject-main\backend\omr-out\1759244120142\1759244120140-camera_capture.omr
2025-09-30 22:55:23,849 INFO [1759244120140-camera_capture]            SheetStub.java:1660 | Disposed sheet
2025-09-30 22:55:23,889 INFO [1759244120140-camera_capture]                 Book.java:2018 | End of Stub#1 memory: 12,336,976
2025-09-30 22:55:23,891 INFO [1759244120140-camera_capture]                 Book.java:2025 | Book processed.
2025-09-30 22:55:23,891 INFO [1759244120140-camera_capture]                 Book.java:599  | Could not export since transcription did not complete successfully
