2025-09-28 03:26:55,646 INFO [1759001212996-sample_score_twinkle]                 Book.java:562  | 1 sheet in C:\Users\Jay Mirasol\Downloads\Balik-Suling-Updated-FreelanceProject-main\Balik-Suling-Updated-FreelanceProject-main\backend\uploads\1759001212996-sample_score_twinkle.png
2025-09-28 03:26:55,869 INFO []                 Book.java:2531 | Stored /book.xml
2025-09-28 03:26:55,871 INFO []                 Book.java:2491 | Book stored as C:\Users\Jay Mirasol\Downloads\Balik-Suling-Updated-FreelanceProject-main\Balik-Suling-Updated-FreelanceProject-main\backend\omr-out\1759001212998\1759001212996-sample_score_twinkle.omr
2025-09-28 03:26:55,895 INFO []                 Book.java:1933 | Book reaching PAGE on sheets:[#1]
2025-09-28 03:26:55,897 INFO [1759001212996-sample_score_twinkle]       StepMonitoring.java:98   | LOAD
2025-09-28 03:26:56,046 INFO [1759001212996-sample_score_twinkle]            SheetStub.java:1273 | Loaded image #1 1654x2339 from C:\Users\Jay Mirasol\Downloads\Balik-Suling-Updated-FreelanceProject-main\Balik-Suling-Updated-FreelanceProject-main\backend\uploads\1759001212996-sample_score_twinkle.png
2025-09-28 03:26:56,050 INFO [1759001212996-sample_score_twinkle]            ImageUtil.java:124  | Converting max RGB to gray
2025-09-28 03:26:56,238 INFO [1759001212996-sample_score_twinkle]       StepMonitoring.java:98   | BINARY
2025-09-28 03:26:56,622 INFO [1759001212996-sample_score_twinkle]       StepMonitoring.java:98   | SCALE
2025-09-28 03:26:56,640 INFO [1759001212996-sample_score_twinkle]         ScaleBuilder.java:241  | Beam  guessed height:  7 -- 0.50 of 14 interline
2025-09-28 03:26:56,645 INFO [1759001212996-sample_score_twinkle]         ScaleBuilder.java:264  | Beam measured height:  5 -- 0.10 of [4..14] range at 190% of needed quorum
2025-09-28 03:26:56,646 INFO [1759001212996-sample_score_twinkle]            ScaleStep.java:65   | Scale{ interline(14,14,14) line(2,2,2) beam(5)}
2025-09-28 03:26:56,647 INFO [1759001212996-sample_score_twinkle]       StepMonitoring.java:98   | GRID
2025-09-28 03:26:56,891 INFO [1759001212996-sample_score_twinkle]       LinesRetriever.java:1500 | Global slope: 0.00000
2025-09-28 03:26:56,922 INFO [1759001212996-sample_score_twinkle]    ClustersRetriever.java:328  | Retrieved raw line clusters: 3 of sizes [5] with interline(14,14,14)
2025-09-28 03:26:56,995 INFO [1759001212996-sample_score_twinkle]            PeakGraph.java:310  | Systems: #1[1] #2[2] #3[3]
2025-09-28 03:26:57,208 INFO [1759001212996-sample_score_twinkle]        SystemManager.java:779  | 1 part along 3 systems
2025-09-28 03:26:57,209 INFO [1759001212996-sample_score_twinkle]                 Book.java:545  | Created scores: [{Score 1}]
2025-09-28 03:26:57,210 INFO [1759001212996-sample_score_twinkle]       StepMonitoring.java:98   | HEADERS
2025-09-28 03:26:57,511 INFO [1759001212996-sample_score_twinkle]      BasicClassifier.java:277  | Classifier loaded XML norms.
2025-09-28 03:26:57,515 INFO [1759001212996-sample_score_twinkle]   AbstractClassifier.java:396  | Classifier data loaded from default uri jar:file:/C:/Program%20Files/Audiveris/app/audiveris.jar!/res/basic-classifier.zip
2025-09-28 03:26:57,697 WARN [1759001212996-sample_score_twinkle]          ClefBuilder.java:658  | Staff#1 no recognized header clef.
2025-09-28 03:26:57,732 WARN [1759001212996-sample_score_twinkle]          ClefBuilder.java:658  | Staff#2 no recognized header clef.
2025-09-28 03:26:57,745 WARN [1759001212996-sample_score_twinkle]          ClefBuilder.java:658  | Staff#3 no recognized header clef.
2025-09-28 03:26:57,749 INFO [1759001212996-sample_score_twinkle]       StepMonitoring.java:98   | STEM_SEEDS
2025-09-28 03:26:57,861 INFO [1759001212996-sample_score_twinkle]        StemSeedsStep.java:86   | stem(2 max:2)
2025-09-28 03:26:57,887 INFO [1759001212996-sample_score_twinkle]       StepMonitoring.java:98   | BEAMS
2025-09-28 03:26:58,611 INFO [1759001212996-sample_score_twinkle]       StepMonitoring.java:98   | LEDGERS
2025-09-28 03:26:58,847 INFO [1759001212996-sample_score_twinkle]       StepMonitoring.java:98   | HEADS
2025-09-28 03:27:00,355 INFO [1759001212996-sample_score_twinkle]        HeadSeedTally.java:235  | Scale information: HeadSeeds{NOTEHEAD_VOID[R:0.5] NOTEHEAD_BLACK[L:-1.0,R:-0.5]}
2025-09-28 03:27:00,356 INFO [1759001212996-sample_score_twinkle]       StepMonitoring.java:98   | STEMS
2025-09-28 03:27:00,739 INFO [1759001212996-sample_score_twinkle]       StepMonitoring.java:98   | REDUCTION
2025-09-28 03:27:00,811 INFO [1759001212996-sample_score_twinkle]        ReductionStep.java:105  | Stems free length median value: 51 pixels, 3.6 interlines
2025-09-28 03:27:00,816 INFO [1759001212996-sample_score_twinkle]       StepMonitoring.java:98   | CUE_BEAMS
2025-09-28 03:27:00,817 INFO [1759001212996-sample_score_twinkle]         CueBeamsStep.java:81   | Step CUE_BEAMS is skipped because small heads switch is off
2025-09-28 03:27:00,818 INFO [1759001212996-sample_score_twinkle]       StepMonitoring.java:98   | TEXTS
2025-09-28 03:27:00,869 WARN [1759001212996-sample_score_twinkle]         TesseractOCR.java:335  | The collection of supported languages is empty
2025-09-28 03:27:00,869 INFO [1759001212996-sample_score_twinkle]              OcrUtil.java:106  | Missing support for 'eng' language(s)
2025-09-28 03:27:00,882 INFO [1759001212996-sample_score_twinkle]       StepMonitoring.java:98   | MEASURES
2025-09-28 03:27:00,898 INFO [1759001212996-sample_score_twinkle]                 Page.java:307  | 9 raw measures: [3 in system#1, 3 in system#2, 3 in system#3]
2025-09-28 03:27:00,898 INFO [1759001212996-sample_score_twinkle]       StepMonitoring.java:98   | CHORDS
2025-09-28 03:27:00,913 INFO [1759001212996-sample_score_twinkle]       StepMonitoring.java:98   | CURVES
2025-09-28 03:27:01,458 INFO [1759001212996-sample_score_twinkle]         SlursBuilder.java:240  | Slurs: 0
2025-09-28 03:27:01,470 INFO [1759001212996-sample_score_twinkle]      SegmentsBuilder.java:155  | Segments: 10
2025-09-28 03:27:01,478 INFO [1759001212996-sample_score_twinkle]       StepMonitoring.java:98   | SYMBOLS
2025-09-28 03:27:01,980 INFO [1759001212996-sample_score_twinkle]       StepMonitoring.java:98   | LINKS
2025-09-28 03:27:02,011 INFO [1759001212996-sample_score_twinkle]       StepMonitoring.java:98   | RHYTHMS
2025-09-28 03:27:02,077 INFO [1759001212996-sample_score_twinkle]       StepMonitoring.java:98   | PAGE
2025-09-28 03:27:02,084 WARN [1759001212996-sample_score_twinkle]         MeasureFixer.java:343  | System#1 No target duration for measures local IDs [1, 2, 3], please check time signatures
2025-09-28 03:27:02,085 WARN [1759001212996-sample_score_twinkle]         MeasureFixer.java:343  | System#2 No target duration for measures local IDs [4, 5, 6], please check time signatures
2025-09-28 03:27:02,086 WARN [1759001212996-sample_score_twinkle]         MeasureFixer.java:343  | System#3 No target duration for measures local IDs [7, 8, 9], please check time signatures
2025-09-28 03:27:02,087 INFO [1759001212996-sample_score_twinkle]                 Book.java:2550 | Book{1759001212996-sample_score_twinkle} storing
2025-09-28 03:27:02,128 INFO [1759001212996-sample_score_twinkle]                 Book.java:2531 | Stored /book.xml
2025-09-28 03:27:02,192 INFO [1759001212996-sample_score_twinkle]           DataHolder.java:348  | Stored /sheet#1/BINARY.png
2025-09-28 03:27:02,567 INFO [1759001212996-sample_score_twinkle]                Sheet.java:1583 | Stored /sheet#1/sheet#1.xml
2025-09-28 03:27:02,568 INFO [1759001212996-sample_score_twinkle]                 Book.java:2491 | Book stored as C:\Users\Jay Mirasol\Downloads\Balik-Suling-Updated-FreelanceProject-main\Balik-Suling-Updated-FreelanceProject-main\backend\omr-out\1759001212998\1759001212996-sample_score_twinkle.omr
2025-09-28 03:27:02,573 INFO [1759001212996-sample_score_twinkle]            SheetStub.java:1660 | Disposed sheet
2025-09-28 03:27:02,623 INFO [1759001212996-sample_score_twinkle]                 Book.java:2018 | End of Stub#1 memory: 32,430,240
2025-09-28 03:27:02,626 INFO [1759001212996-sample_score_twinkle]                 Book.java:2025 | Book processed.
2025-09-28 03:27:02,821 INFO [1759001212996-sample_score_twinkle]            SheetStub.java:997  | Loaded /sheet#1/sheet#1.xml
2025-09-28 03:27:03,459 INFO [1759001212996-sample_score_twinkle]      PartwiseBuilder.java:2661 | Exporting sheet(s): [#1]
2025-09-28 03:27:03,524 INFO [1759001212996-sample_score_twinkle]        ScoreExporter.java:164  | Score 1759001212996-sample_score_twinkle exported to C:\Users\Jay Mirasol\Downloads\Balik-Suling-Updated-FreelanceProject-main\Balik-Suling-Updated-FreelanceProject-main\backend\omr-out\1759001212998\1759001212996-sample_score_twinkle.mxl
2025-09-28 03:27:03,563 INFO [1759001212996-sample_score_twinkle]                Score.java:181  | Closing {Score 1}
