2025-10-01 22:38:36,004 ERROR [1759329512751-Twinkle_Score_Sheet]              IOUtils.java:278  | Unmapping is not supported.
java.lang.reflect.InaccessibleObjectException: Unable to make public jdk.internal.ref.Cleaner java.nio.DirectByteBuffer.cleaner() accessible: module java.base does not "opens java.nio" to unnamed module @7c711375
	at java.base/java.lang.reflect.AccessibleObject.throwInaccessibleObjectException(Unknown Source)
	at java.base/java.lang.reflect.AccessibleObject.checkCanSetAccessible(Unknown Source)
	at java.base/java.lang.reflect.AccessibleObject.checkCanSetAccessible(Unknown Source)
	at java.base/java.lang.reflect.Method.checkCanSetAccessible(Unknown Source)
	at java.base/java.lang.reflect.Method.setAccessible(Unknown Source)
	at org.apache.pdfbox.io.IOUtils.unmapper(IOUtils.java:244)
	at java.base/java.security.AccessController.doPrivileged(Unknown Source)
	at org.apache.pdfbox.io.IOUtils.<clinit>(IOUtils.java:69)
	at org.apache.pdfbox.Loader.loadPDF(Loader.java:378)
	at org.audiveris.omr.image.ImageLoading.getPdfLoader(ImageLoading.java:159)
	at org.audiveris.omr.image.ImageLoading.getLoader(ImageLoading.java:209)
	at org.audiveris.omr.sheet.Book.createStubs(Book.java:557)
	at org.audiveris.omr.CLI$ProcessingTask.processBook(CLI.java:830)
	at org.audiveris.omr.CLI$CliTask.call(CLI.java:504)
	at org.audiveris.omr.Main.runBatchTasks(Main.java:371)
	at org.audiveris.omr.Main.main(Main.java:260)
	at Audiveris.main(Audiveris.java:50)
2025-10-01 22:38:36,074 INFO [1759329512751-Twinkle_Score_Sheet]                 Book.java:562  | 1 sheet in C:\Dev\Balik-Suling-Updated-FreelanceProject-main\backend\uploads\1759329512751-Twinkle_Score_Sheet.pdf
2025-10-01 22:38:36,362 INFO []                 Book.java:2531 | Stored /book.xml
2025-10-01 22:38:36,363 INFO []                 Book.java:2491 | Book stored as C:\Dev\Balik-Suling-Updated-FreelanceProject-main\backend\omr-out\1759329512753\1759329512751-Twinkle_Score_Sheet.omr
2025-10-01 22:38:36,372 INFO []                 Book.java:1933 | Book reaching PAGE on sheets:[#1]
2025-10-01 22:38:36,377 INFO [1759329512751-Twinkle_Score_Sheet]       StepMonitoring.java:98   | LOAD
2025-10-01 22:38:36,815 INFO [1759329512751-Twinkle_Score_Sheet]            SheetStub.java:1273 | Loaded image #1 2550x3299 from C:\Dev\Balik-Suling-Updated-FreelanceProject-main\backend\uploads\1759329512751-Twinkle_Score_Sheet.pdf
2025-10-01 22:38:36,821 INFO [1759329512751-Twinkle_Score_Sheet]       StepMonitoring.java:98   | BINARY
2025-10-01 22:38:37,713 INFO [1759329512751-Twinkle_Score_Sheet]       StepMonitoring.java:98   | SCALE
2025-10-01 22:38:37,748 INFO [1759329512751-Twinkle_Score_Sheet]         ScaleBuilder.java:241  | Beam  guessed height: 10 -- 0.50 of 19 interline
2025-10-01 22:38:37,751 INFO [1759329512751-Twinkle_Score_Sheet]         ScaleBuilder.java:264  | Beam measured height:  6 -- 0.07 of [5..19] range at 1921% of needed quorum
2025-10-01 22:38:37,752 INFO [1759329512751-Twinkle_Score_Sheet]            ScaleStep.java:65   | Scale{ interline(19,19,20) line(2,3,3) beam(6)}
2025-10-01 22:38:37,754 INFO [1759329512751-Twinkle_Score_Sheet]       StepMonitoring.java:98   | GRID
2025-10-01 22:38:38,424 INFO [1759329512751-Twinkle_Score_Sheet]       LinesRetriever.java:1500 | Global slope: 0.00000
2025-10-01 22:38:38,486 INFO [1759329512751-Twinkle_Score_Sheet]    ClustersRetriever.java:328  | Retrieved raw line clusters: 2 of sizes [5] with interline(19,19,20)
2025-10-01 22:38:38,670 INFO [1759329512751-Twinkle_Score_Sheet]            PeakGraph.java:310  | Systems: #1[1, 2]
2025-10-01 22:38:39,121 INFO [1759329512751-Twinkle_Score_Sheet]        SystemManager.java:779  | 1 part along 1 system
2025-10-01 22:38:39,122 INFO [1759329512751-Twinkle_Score_Sheet]                 Book.java:545  | Created scores: [{Score 1}]
2025-10-01 22:38:39,123 INFO [1759329512751-Twinkle_Score_Sheet]       StepMonitoring.java:98   | HEADERS
2025-10-01 22:38:39,583 INFO [1759329512751-Twinkle_Score_Sheet]      BasicClassifier.java:277  | Classifier loaded XML norms.
2025-10-01 22:38:39,591 INFO [1759329512751-Twinkle_Score_Sheet]   AbstractClassifier.java:396  | Classifier data loaded from default uri jar:file:/C:/Program%20Files/Audiveris/app/audiveris.jar!/res/basic-classifier.zip
2025-10-01 22:38:41,140 INFO [1759329512751-Twinkle_Score_Sheet]       StepMonitoring.java:98   | STEM_SEEDS
2025-10-01 22:38:41,246 INFO [1759329512751-Twinkle_Score_Sheet]        StemSeedsStep.java:86   | stem(6 max:6)
2025-10-01 22:38:41,320 INFO [1759329512751-Twinkle_Score_Sheet]       StepMonitoring.java:98   | BEAMS
2025-10-01 22:38:44,569 INFO [1759329512751-Twinkle_Score_Sheet]       StepMonitoring.java:98   | LEDGERS
2025-10-01 22:38:44,880 INFO [1759329512751-Twinkle_Score_Sheet]       StepMonitoring.java:98   | HEADS
2025-10-01 22:38:47,147 INFO [1759329512751-Twinkle_Score_Sheet]        HeadSeedTally.java:235  | Scale information: HeadSeeds{NOTEHEAD_BLACK[R:0.7]}
2025-10-01 22:38:47,149 INFO [1759329512751-Twinkle_Score_Sheet]       StepMonitoring.java:98   | STEMS
2025-10-01 22:38:48,989 INFO [1759329512751-Twinkle_Score_Sheet]       StepMonitoring.java:98   | REDUCTION
2025-10-01 22:38:49,136 INFO [1759329512751-Twinkle_Score_Sheet]        ReductionStep.java:105  | Stems free length median value: 66 pixels, 3.5 interlines
2025-10-01 22:38:49,147 INFO [1759329512751-Twinkle_Score_Sheet]       StepMonitoring.java:98   | CUE_BEAMS
2025-10-01 22:38:49,148 INFO [1759329512751-Twinkle_Score_Sheet]         CueBeamsStep.java:81   | Step CUE_BEAMS is skipped because small heads switch is off
2025-10-01 22:38:49,149 INFO [1759329512751-Twinkle_Score_Sheet]       StepMonitoring.java:98   | TEXTS
2025-10-01 22:38:51,129 INFO [1759329512751-Twinkle_Score_Sheet]       StepMonitoring.java:98   | MEASURES
2025-10-01 22:38:51,151 INFO [1759329512751-Twinkle_Score_Sheet]                 Page.java:307  | 4 raw measures: [4 in system#1]
2025-10-01 22:38:51,153 INFO [1759329512751-Twinkle_Score_Sheet]       StepMonitoring.java:98   | CHORDS
2025-10-01 22:38:51,172 INFO [1759329512751-Twinkle_Score_Sheet]       StepMonitoring.java:98   | CURVES
2025-10-01 22:38:52,405 INFO [1759329512751-Twinkle_Score_Sheet]         SlursBuilder.java:240  | Slurs: 0
2025-10-01 22:38:52,419 INFO [1759329512751-Twinkle_Score_Sheet]      SegmentsBuilder.java:155  | Segments: 2
2025-10-01 22:38:52,431 INFO [1759329512751-Twinkle_Score_Sheet]       StepMonitoring.java:98   | SYMBOLS
2025-10-01 22:38:53,850 INFO [1759329512751-Twinkle_Score_Sheet]       StepMonitoring.java:98   | LINKS
2025-10-01 22:38:53,914 INFO [1759329512751-Twinkle_Score_Sheet]       StepMonitoring.java:98   | RHYTHMS
2025-10-01 22:38:54,033 INFO [1759329512751-Twinkle_Score_Sheet]       StepMonitoring.java:98   | PAGE
2025-10-01 22:38:54,043 WARN [1759329512751-Twinkle_Score_Sheet]         MeasureFixer.java:343  | System#1 No target duration for measures local IDs [1, 2, 3, 4], please check time signatures
2025-10-01 22:38:54,049 INFO [1759329512751-Twinkle_Score_Sheet]                 Book.java:2550 | Book{1759329512751-Twinkle_Score_Sheet} storing
2025-10-01 22:38:54,122 INFO [1759329512751-Twinkle_Score_Sheet]                 Book.java:2531 | Stored /book.xml
2025-10-01 22:38:54,319 INFO [1759329512751-Twinkle_Score_Sheet]           DataHolder.java:348  | Stored /sheet#1/BINARY.png
2025-10-01 22:38:55,183 INFO [1759329512751-Twinkle_Score_Sheet]                Sheet.java:1583 | Stored /sheet#1/sheet#1.xml
2025-10-01 22:38:55,184 INFO [1759329512751-Twinkle_Score_Sheet]                 Book.java:2491 | Book stored as C:\Dev\Balik-Suling-Updated-FreelanceProject-main\backend\omr-out\1759329512753\1759329512751-Twinkle_Score_Sheet.omr
2025-10-01 22:38:55,204 INFO [1759329512751-Twinkle_Score_Sheet]            SheetStub.java:1660 | Disposed sheet
2025-10-01 22:38:55,316 INFO [1759329512751-Twinkle_Score_Sheet]                 Book.java:2018 | End of Stub#1 memory: 39,644,560
2025-10-01 22:38:55,318 INFO [1759329512751-Twinkle_Score_Sheet]                 Book.java:2025 | Book processed.
2025-10-01 22:38:56,015 INFO [1759329512751-Twinkle_Score_Sheet]            SheetStub.java:997  | Loaded /sheet#1/sheet#1.xml
2025-10-01 22:38:57,201 INFO [1759329512751-Twinkle_Score_Sheet]      PartwiseBuilder.java:2661 | Exporting sheet(s): [#1]
2025-10-01 22:38:57,368 INFO [1759329512751-Twinkle_Score_Sheet]        ScoreExporter.java:164  | Score 1759329512751-Twinkle_Score_Sheet exported to C:\Dev\Balik-Suling-Updated-FreelanceProject-main\backend\omr-out\1759329512753\1759329512751-Twinkle_Score_Sheet.mxl
2025-10-01 22:38:57,436 INFO [1759329512751-Twinkle_Score_Sheet]                Score.java:181  | Closing {Score 1}
