2025-09-28 20:27:28,338 ERROR [1759062445991-Untitled_document]              IOUtils.java:278  | Unmapping is not supported.
java.lang.reflect.InaccessibleObjectException: Unable to make public jdk.internal.ref.Cleaner java.nio.DirectByteBuffer.cleaner() accessible: module java.base does not "opens java.nio" to unnamed module @7c711375
	at java.base/java.lang.reflect.AccessibleObject.throwInaccessibleObjectException(Unknown Source)
	at java.base/java.lang.reflect.AccessibleObject.checkCanSetAccessible(Unknown Source)
	at java.base/java.lang.reflect.AccessibleObject.checkCanSetAccessible(Unknown Source)
	at java.base/java.lang.reflect.Method.checkCanSetAccessible(Unknown Source)
	at java.base/java.lang.reflect.Method.setAccessible(Unknown Source)
	at org.apache.pdfbox.io.IOUtils.unmapper(IOUtils.java:244)
	at java.base/java.security.AccessController.doPrivileged(Unknown Source)
	at org.apache.pdfbox.io.IOUtils.<clinit>(IOUtils.java:69)
	at org.apache.pdfbox.Loader.loadPDF(Loader.java:378)
	at org.audiveris.omr.image.ImageLoading.getPdfLoader(ImageLoading.java:159)
	at org.audiveris.omr.image.ImageLoading.getLoader(ImageLoading.java:209)
	at org.audiveris.omr.sheet.Book.createStubs(Book.java:557)
	at org.audiveris.omr.CLI$ProcessingTask.processBook(CLI.java:830)
	at org.audiveris.omr.CLI$CliTask.call(CLI.java:504)
	at org.audiveris.omr.Main.runBatchTasks(Main.java:371)
	at org.audiveris.omr.Main.main(Main.java:260)
	at Audiveris.main(Audiveris.java:50)
2025-09-28 20:27:28,417 INFO [1759062445991-Untitled_document]                 Book.java:562  | 1 sheet in C:\Users\Jay Mirasol\Downloads\Balik-Suling-Updated-FreelanceProject-main\Balik-Suling-Updated-FreelanceProject-main\backend\uploads\1759062445991-Untitled_document.pdf
2025-09-28 20:27:28,644 INFO []                 Book.java:2531 | Stored /book.xml
2025-09-28 20:27:28,645 INFO []                 Book.java:2491 | Book stored as C:\Users\Jay Mirasol\Downloads\Balik-Suling-Updated-FreelanceProject-main\Balik-Suling-Updated-FreelanceProject-main\backend\omr-out\1759062445996\1759062445991-Untitled_document.omr
2025-09-28 20:27:28,653 INFO []                 Book.java:1933 | Book reaching PAGE on sheets:[#1]
2025-09-28 20:27:28,656 INFO [1759062445991-Untitled_document]       StepMonitoring.java:98   | LOAD
2025-09-28 20:27:29,117 INFO [1759062445991-Untitled_document]            SheetStub.java:1273 | Loaded image #1 2550x3299 from C:\Users\Jay Mirasol\Downloads\Balik-Suling-Updated-FreelanceProject-main\Balik-Suling-Updated-FreelanceProject-main\backend\uploads\1759062445991-Untitled_document.pdf
2025-09-28 20:27:29,122 INFO [1759062445991-Untitled_document]       StepMonitoring.java:98   | BINARY
2025-09-28 20:27:29,846 INFO [1759062445991-Untitled_document]       StepMonitoring.java:98   | SCALE
2025-09-28 20:27:29,878 INFO [1759062445991-Untitled_document]         ScaleBuilder.java:222  | Significant beam peak detected: 4 pixels
2025-09-28 20:27:29,879 INFO [1759062445991-Untitled_document]            ScaleStep.java:65   | Scale{ small_interline(13,14,14) interline(16,16,17) line(2,2,3) beam(4)}
2025-09-28 20:27:29,880 INFO [1759062445991-Untitled_document]       StepMonitoring.java:98   | GRID
2025-09-28 20:27:30,546 INFO [1759062445991-Untitled_document]       LinesRetriever.java:1500 | Global slope: 0.00000
2025-09-28 20:27:30,611 INFO [1759062445991-Untitled_document]    ClustersRetriever.java:328  | Retrieved raw line clusters: 0 of sizes [5] with interline(16,16,17)
2025-09-28 20:27:30,614 INFO [1759062445991-Untitled_document]       LinesRetriever.java:1516 | Searching clusters with smallInterline: 14
2025-09-28 20:27:30,633 INFO [1759062445991-Untitled_document]    ClustersRetriever.java:328  | Retrieved raw line clusters: 2 of sizes [5] with interline(13,14,14)
2025-09-28 20:27:30,768 INFO [1759062445991-Untitled_document]            PeakGraph.java:310  | Systems: #1[1, 2]
2025-09-28 20:27:31,158 INFO [1759062445991-Untitled_document]        SystemManager.java:779  | 1 part along 1 system
2025-09-28 20:27:31,159 INFO [1759062445991-Untitled_document]                 Book.java:545  | Created scores: [{Score 1}]
2025-09-28 20:27:31,160 INFO [1759062445991-Untitled_document]       StepMonitoring.java:98   | HEADERS
2025-09-28 20:27:31,523 INFO [1759062445991-Untitled_document]      BasicClassifier.java:277  | Classifier loaded XML norms.
2025-09-28 20:27:31,530 INFO [1759062445991-Untitled_document]   AbstractClassifier.java:396  | Classifier data loaded from default uri jar:file:/C:/Program%20Files/Audiveris/app/audiveris.jar!/res/basic-classifier.zip
2025-09-28 20:27:32,335 WARN [1759062445991-Untitled_document]          ClefBuilder.java:658  | Staff#2 no recognized header clef.
2025-09-28 20:27:32,414 INFO [1759062445991-Untitled_document]       StepMonitoring.java:98   | STEM_SEEDS
2025-09-28 20:27:32,493 INFO [1759062445991-Untitled_document]        StemSeedsStep.java:86   | stem(5 max:5)
2025-09-28 20:27:32,576 INFO [1759062445991-Untitled_document]       StepMonitoring.java:98   | BEAMS
2025-09-28 20:27:34,796 INFO [1759062445991-Untitled_document]       StepMonitoring.java:98   | LEDGERS
2025-09-28 20:27:35,327 INFO [1759062445991-Untitled_document]       StepMonitoring.java:98   | HEADS
2025-09-28 20:27:37,771 INFO [1759062445991-Untitled_document]        HeadSeedTally.java:235  | Scale information: HeadSeeds{NOTEHEAD_BLACK[R:0.2]}
2025-09-28 20:27:37,771 INFO [1759062445991-Untitled_document]       StepMonitoring.java:98   | STEMS
2025-09-28 20:27:42,740 INFO [1759062445991-Untitled_document]       StepMonitoring.java:98   | REDUCTION
2025-09-28 20:27:42,969 INFO [1759062445991-Untitled_document]        ReductionStep.java:105  | Stems free length median value: 52 pixels, 3.3 interlines
2025-09-28 20:27:42,977 INFO [1759062445991-Untitled_document]       StepMonitoring.java:98   | CUE_BEAMS
2025-09-28 20:27:42,977 INFO [1759062445991-Untitled_document]         CueBeamsStep.java:81   | Step CUE_BEAMS is skipped because small heads switch is off
2025-09-28 20:27:42,977 INFO [1759062445991-Untitled_document]       StepMonitoring.java:98   | TEXTS
2025-09-28 20:27:44,643 INFO [1759062445991-Untitled_document]       StepMonitoring.java:98   | MEASURES
2025-09-28 20:27:44,675 INFO [1759062445991-Untitled_document]                 Page.java:307  | 4 raw measures: [4 in system#1]
2025-09-28 20:27:44,676 INFO [1759062445991-Untitled_document]       StepMonitoring.java:98   | CHORDS
2025-09-28 20:27:44,690 INFO [1759062445991-Untitled_document]       StepMonitoring.java:98   | CURVES
2025-09-28 20:27:46,124 INFO [1759062445991-Untitled_document]         SlursBuilder.java:240  | Slurs: 5
2025-09-28 20:27:46,160 INFO [1759062445991-Untitled_document]      SegmentsBuilder.java:155  | Segments: 26
2025-09-28 20:27:46,195 INFO [1759062445991-Untitled_document]       StepMonitoring.java:98   | SYMBOLS
2025-09-28 20:27:47,307 INFO [1759062445991-Untitled_document]       StepMonitoring.java:98   | LINKS
2025-09-28 20:27:47,350 INFO [1759062445991-Untitled_document]       StepMonitoring.java:98   | RHYTHMS
2025-09-28 20:27:47,422 INFO [1759062445991-Untitled_document]        MeasureRhythm.java:1045 | Measure{#4} No timeOffset for HeadChordInter#4570{(0.595/0.595) staff:2 slot#2 dur:1/8}
2025-09-28 20:27:47,422 INFO [1759062445991-Untitled_document]          StackRhythm.java:224  | S1 MeasureStack#4 no correct rhythm
2025-09-28 20:27:47,431 INFO [1759062445991-Untitled_document]       StepMonitoring.java:98   | PAGE
2025-09-28 20:27:47,440 WARN [1759062445991-Untitled_document]         MeasureFixer.java:343  | System#1 No target duration for measures local IDs [1, 2, 3, 4], please check time signatures
2025-09-28 20:27:47,440 INFO [1759062445991-Untitled_document]                 Book.java:2550 | Book{1759062445991-Untitled_document} storing
2025-09-28 20:27:47,517 INFO [1759062445991-Untitled_document]                 Book.java:2531 | Stored /book.xml
2025-09-28 20:27:47,695 INFO [1759062445991-Untitled_document]           DataHolder.java:348  | Stored /sheet#1/BINARY.png
2025-09-28 20:27:48,612 INFO [1759062445991-Untitled_document]                Sheet.java:1583 | Stored /sheet#1/sheet#1.xml
2025-09-28 20:27:48,612 INFO [1759062445991-Untitled_document]                 Book.java:2491 | Book stored as C:\Users\Jay Mirasol\Downloads\Balik-Suling-Updated-FreelanceProject-main\Balik-Suling-Updated-FreelanceProject-main\backend\omr-out\1759062445996\1759062445991-Untitled_document.omr
2025-09-28 20:27:48,615 INFO [1759062445991-Untitled_document]            SheetStub.java:1660 | Disposed sheet
2025-09-28 20:27:48,691 INFO [1759062445991-Untitled_document]                 Book.java:2018 | End of Stub#1 memory: 38,798,584
2025-09-28 20:27:48,691 INFO [1759062445991-Untitled_document]                 Book.java:2025 | Book processed.
2025-09-28 20:27:49,479 INFO [1759062445991-Untitled_document]            SheetStub.java:997  | Loaded /sheet#1/sheet#1.xml
2025-09-28 20:27:50,178 INFO [1759062445991-Untitled_document]      PartwiseBuilder.java:2661 | Exporting sheet(s): [#1]
2025-09-28 20:27:50,309 INFO [1759062445991-Untitled_document]        ScoreExporter.java:164  | Score 1759062445991-Untitled_document exported to C:\Users\Jay Mirasol\Downloads\Balik-Suling-Updated-FreelanceProject-main\Balik-Suling-Updated-FreelanceProject-main\backend\omr-out\1759062445996\1759062445991-Untitled_document.mxl
2025-09-28 20:27:50,366 INFO [1759062445991-Untitled_document]                Score.java:181  | Closing {Score 1}
