2025-09-30 22:59:51,298 INFO [1759244388511-score_0]                 Book.java:562  | 1 sheet in C:\Dev\Balik-Suling-Updated-FreelanceProject-main\backend\uploads\1759244388511-score_0.png
2025-09-30 22:59:51,546 INFO []                 Book.java:2531 | Stored /book.xml
2025-09-30 22:59:51,547 INFO []                 Book.java:2491 | Book stored as C:\Dev\Balik-Suling-Updated-FreelanceProject-main\backend\omr-out\1759244388516\1759244388511-score_0.omr
2025-09-30 22:59:51,556 INFO []                 Book.java:1933 | Book reaching PAGE on sheets:[#1]
2025-09-30 22:59:51,560 INFO [1759244388511-score_0]       StepMonitoring.java:98   | LOAD
2025-09-30 22:59:51,610 INFO [1759244388511-score_0]            SheetStub.java:1273 | Loaded image #1 850x1100 from C:\Dev\Balik-Suling-Updated-FreelanceProject-main\backend\uploads\1759244388511-score_0.png
2025-09-30 22:59:51,616 INFO [1759244388511-score_0]       StepMonitoring.java:98   | BINARY
2025-09-30 22:59:51,867 INFO [1759244388511-score_0]       StepMonitoring.java:98   | SCALE
2025-09-30 22:59:51,896 WARN [1759244388511-score_0]            SheetStub.java:412  | 1759244388511-score_0

 With a too low interline value of 7 pixels,
 either this sheet contains no multi-line staves,
 or the picture resolution is too low (try 300 DPI).

 This interline value is NOT RELIABLE!
2025-09-30 22:59:51,898 INFO [1759244388511-score_0]                 Book.java:545  | Created scores: []
2025-09-30 22:59:51,899 INFO [1759244388511-score_0]            SheetStub.java:1191 | Sheet 1759244388511-score_0 flagged as invalid.
2025-09-30 22:59:51,900 INFO [1759244388511-score_0]            SheetStub.java:1410 | StepException cause detected in [LOAD, BINARY, SCALE, GRID, HEADERS, STEM_SEEDS, BEAMS, LEDGERS, HEADS, STEMS, REDUCTION, CUE_BEAMS, TEXTS, MEASURES, CHORDS, CURVES, SYMBOLS, LINKS, RHYTHMS, PAGE]
2025-09-30 22:59:51,901 INFO [1759244388511-score_0]                 Book.java:2550 | Book{1759244388511-score_0} storing
2025-09-30 22:59:51,925 INFO [1759244388511-score_0]                 Book.java:2531 | Stored /book.xml
2025-09-30 22:59:51,973 INFO [1759244388511-score_0]           DataHolder.java:348  | Stored /sheet#1/BINARY.png
2025-09-30 22:59:52,348 INFO [1759244388511-score_0]                Sheet.java:1583 | Stored /sheet#1/sheet#1.xml
2025-09-30 22:59:52,349 INFO [1759244388511-score_0]                 Book.java:2491 | Book stored as C:\Dev\Balik-Suling-Updated-FreelanceProject-main\backend\omr-out\1759244388516\1759244388511-score_0.omr
2025-09-30 22:59:52,355 INFO [1759244388511-score_0]            SheetStub.java:1660 | Disposed sheet
2025-09-30 22:59:52,393 INFO [1759244388511-score_0]                 Book.java:2018 | End of Stub#1 memory: 12,303,000
2025-09-30 22:59:52,394 INFO [1759244388511-score_0]                 Book.java:2025 | Book processed.
2025-09-30 22:59:52,394 INFO [1759244388511-score_0]                 Book.java:599  | Could not export since transcription did not complete successfully
