2025-09-28 21:20:06,198 ERROR [1759065603825-Twinkle_Score_Sheet]              IOUtils.java:278  | Unmapping is not supported.
java.lang.reflect.InaccessibleObjectException: Unable to make public jdk.internal.ref.Cleaner java.nio.DirectByteBuffer.cleaner() accessible: module java.base does not "opens java.nio" to unnamed module @7c711375
	at java.base/java.lang.reflect.AccessibleObject.throwInaccessibleObjectException(Unknown Source)
	at java.base/java.lang.reflect.AccessibleObject.checkCanSetAccessible(Unknown Source)
	at java.base/java.lang.reflect.AccessibleObject.checkCanSetAccessible(Unknown Source)
	at java.base/java.lang.reflect.Method.checkCanSetAccessible(Unknown Source)
	at java.base/java.lang.reflect.Method.setAccessible(Unknown Source)
	at org.apache.pdfbox.io.IOUtils.unmapper(IOUtils.java:244)
	at java.base/java.security.AccessController.doPrivileged(Unknown Source)
	at org.apache.pdfbox.io.IOUtils.<clinit>(IOUtils.java:69)
	at org.apache.pdfbox.Loader.loadPDF(Loader.java:378)
	at org.audiveris.omr.image.ImageLoading.getPdfLoader(ImageLoading.java:159)
	at org.audiveris.omr.image.ImageLoading.getLoader(ImageLoading.java:209)
	at org.audiveris.omr.sheet.Book.createStubs(Book.java:557)
	at org.audiveris.omr.CLI$ProcessingTask.processBook(CLI.java:830)
	at org.audiveris.omr.CLI$CliTask.call(CLI.java:504)
	at org.audiveris.omr.Main.runBatchTasks(Main.java:371)
	at org.audiveris.omr.Main.main(Main.java:260)
	at Audiveris.main(Audiveris.java:50)
2025-09-28 21:20:06,260 INFO [1759065603825-Twinkle_Score_Sheet]                 Book.java:562  | 1 sheet in C:\Users\Jay Mirasol\Downloads\Balik-Suling-Updated-FreelanceProject-main\Balik-Suling-Updated-FreelanceProject-main\backend\uploads\1759065603825-Twinkle_Score_Sheet.pdf
2025-09-28 21:20:06,477 INFO []                 Book.java:2531 | Stored /book.xml
2025-09-28 21:20:06,477 INFO []                 Book.java:2491 | Book stored as C:\Users\Jay Mirasol\Downloads\Balik-Suling-Updated-FreelanceProject-main\Balik-Suling-Updated-FreelanceProject-main\backend\omr-out\1759065603827\1759065603825-Twinkle_Score_Sheet.omr
2025-09-28 21:20:06,486 INFO []                 Book.java:1933 | Book reaching PAGE on sheets:[#1]
2025-09-28 21:20:06,488 INFO [1759065603825-Twinkle_Score_Sheet]       StepMonitoring.java:98   | LOAD
2025-09-28 21:20:06,862 INFO [1759065603825-Twinkle_Score_Sheet]            SheetStub.java:1273 | Loaded image #1 2550x3299 from C:\Users\Jay Mirasol\Downloads\Balik-Suling-Updated-FreelanceProject-main\Balik-Suling-Updated-FreelanceProject-main\backend\uploads\1759065603825-Twinkle_Score_Sheet.pdf
2025-09-28 21:20:06,867 INFO [1759065603825-Twinkle_Score_Sheet]       StepMonitoring.java:98   | BINARY
2025-09-28 21:20:07,563 INFO [1759065603825-Twinkle_Score_Sheet]       StepMonitoring.java:98   | SCALE
2025-09-28 21:20:07,592 INFO [1759065603825-Twinkle_Score_Sheet]         ScaleBuilder.java:241  | Beam  guessed height: 10 -- 0.50 of 19 interline
2025-09-28 21:20:07,594 INFO [1759065603825-Twinkle_Score_Sheet]         ScaleBuilder.java:264  | Beam measured height:  6 -- 0.07 of [5..19] range at 1921% of needed quorum
2025-09-28 21:20:07,596 INFO [1759065603825-Twinkle_Score_Sheet]            ScaleStep.java:65   | Scale{ interline(19,19,20) line(2,3,3) beam(6)}
2025-09-28 21:20:07,597 INFO [1759065603825-Twinkle_Score_Sheet]       StepMonitoring.java:98   | GRID
2025-09-28 21:20:08,002 INFO [1759065603825-Twinkle_Score_Sheet]       LinesRetriever.java:1500 | Global slope: 0.00000
2025-09-28 21:20:08,041 INFO [1759065603825-Twinkle_Score_Sheet]    ClustersRetriever.java:328  | Retrieved raw line clusters: 2 of sizes [5] with interline(19,19,20)
2025-09-28 21:20:08,144 INFO [1759065603825-Twinkle_Score_Sheet]            PeakGraph.java:310  | Systems: #1[1, 2]
2025-09-28 21:20:08,377 INFO [1759065603825-Twinkle_Score_Sheet]        SystemManager.java:779  | 1 part along 1 system
2025-09-28 21:20:08,378 INFO [1759065603825-Twinkle_Score_Sheet]                 Book.java:545  | Created scores: [{Score 1}]
2025-09-28 21:20:08,378 INFO [1759065603825-Twinkle_Score_Sheet]       StepMonitoring.java:98   | HEADERS
2025-09-28 21:20:08,686 INFO [1759065603825-Twinkle_Score_Sheet]      BasicClassifier.java:277  | Classifier loaded XML norms.
2025-09-28 21:20:08,691 INFO [1759065603825-Twinkle_Score_Sheet]   AbstractClassifier.java:396  | Classifier data loaded from default uri jar:file:/C:/Program%20Files/Audiveris/app/audiveris.jar!/res/basic-classifier.zip
2025-09-28 21:20:09,661 INFO [1759065603825-Twinkle_Score_Sheet]       StepMonitoring.java:98   | STEM_SEEDS
2025-09-28 21:20:09,726 INFO [1759065603825-Twinkle_Score_Sheet]        StemSeedsStep.java:86   | stem(6 max:6)
2025-09-28 21:20:09,778 INFO [1759065603825-Twinkle_Score_Sheet]       StepMonitoring.java:98   | BEAMS
2025-09-28 21:20:11,714 INFO [1759065603825-Twinkle_Score_Sheet]       StepMonitoring.java:98   | LEDGERS
2025-09-28 21:20:11,851 INFO [1759065603825-Twinkle_Score_Sheet]       StepMonitoring.java:98   | HEADS
2025-09-28 21:20:13,236 INFO [1759065603825-Twinkle_Score_Sheet]        HeadSeedTally.java:235  | Scale information: HeadSeeds{NOTEHEAD_BLACK[R:0.7]}
2025-09-28 21:20:13,237 INFO [1759065603825-Twinkle_Score_Sheet]       StepMonitoring.java:98   | STEMS
2025-09-28 21:20:14,148 INFO [1759065603825-Twinkle_Score_Sheet]       StepMonitoring.java:98   | REDUCTION
2025-09-28 21:20:14,211 INFO [1759065603825-Twinkle_Score_Sheet]        ReductionStep.java:105  | Stems free length median value: 66 pixels, 3.5 interlines
2025-09-28 21:20:14,217 INFO [1759065603825-Twinkle_Score_Sheet]       StepMonitoring.java:98   | CUE_BEAMS
2025-09-28 21:20:14,218 INFO [1759065603825-Twinkle_Score_Sheet]         CueBeamsStep.java:81   | Step CUE_BEAMS is skipped because small heads switch is off
2025-09-28 21:20:14,219 INFO [1759065603825-Twinkle_Score_Sheet]       StepMonitoring.java:98   | TEXTS
2025-09-28 21:20:15,309 INFO [1759065603825-Twinkle_Score_Sheet]       StepMonitoring.java:98   | MEASURES
2025-09-28 21:20:15,324 INFO [1759065603825-Twinkle_Score_Sheet]                 Page.java:307  | 4 raw measures: [4 in system#1]
2025-09-28 21:20:15,325 INFO [1759065603825-Twinkle_Score_Sheet]       StepMonitoring.java:98   | CHORDS
2025-09-28 21:20:15,336 INFO [1759065603825-Twinkle_Score_Sheet]       StepMonitoring.java:98   | CURVES
2025-09-28 21:20:16,234 INFO [1759065603825-Twinkle_Score_Sheet]         SlursBuilder.java:240  | Slurs: 0
2025-09-28 21:20:16,240 INFO [1759065603825-Twinkle_Score_Sheet]      SegmentsBuilder.java:155  | Segments: 2
2025-09-28 21:20:16,247 INFO [1759065603825-Twinkle_Score_Sheet]       StepMonitoring.java:98   | SYMBOLS
2025-09-28 21:20:17,092 INFO [1759065603825-Twinkle_Score_Sheet]       StepMonitoring.java:98   | LINKS
2025-09-28 21:20:17,130 INFO [1759065603825-Twinkle_Score_Sheet]       StepMonitoring.java:98   | RHYTHMS
2025-09-28 21:20:17,196 INFO [1759065603825-Twinkle_Score_Sheet]       StepMonitoring.java:98   | PAGE
2025-09-28 21:20:17,206 WARN [1759065603825-Twinkle_Score_Sheet]         MeasureFixer.java:343  | System#1 No target duration for measures local IDs [1, 2, 3, 4], please check time signatures
2025-09-28 21:20:17,207 INFO [1759065603825-Twinkle_Score_Sheet]                 Book.java:2550 | Book{1759065603825-Twinkle_Score_Sheet} storing
2025-09-28 21:20:17,258 INFO [1759065603825-Twinkle_Score_Sheet]                 Book.java:2531 | Stored /book.xml
2025-09-28 21:20:17,364 INFO [1759065603825-Twinkle_Score_Sheet]           DataHolder.java:348  | Stored /sheet#1/BINARY.png
2025-09-28 21:20:17,792 INFO [1759065603825-Twinkle_Score_Sheet]                Sheet.java:1583 | Stored /sheet#1/sheet#1.xml
2025-09-28 21:20:17,793 INFO [1759065603825-Twinkle_Score_Sheet]                 Book.java:2491 | Book stored as C:\Users\Jay Mirasol\Downloads\Balik-Suling-Updated-FreelanceProject-main\Balik-Suling-Updated-FreelanceProject-main\backend\omr-out\1759065603827\1759065603825-Twinkle_Score_Sheet.omr
2025-09-28 21:20:17,799 INFO [1759065603825-Twinkle_Score_Sheet]            SheetStub.java:1660 | Disposed sheet
2025-09-28 21:20:17,856 INFO [1759065603825-Twinkle_Score_Sheet]                 Book.java:2018 | End of Stub#1 memory: 39,574,008
2025-09-28 21:20:17,859 INFO [1759065603825-Twinkle_Score_Sheet]                 Book.java:2025 | Book processed.
2025-09-28 21:20:18,222 INFO [1759065603825-Twinkle_Score_Sheet]            SheetStub.java:997  | Loaded /sheet#1/sheet#1.xml
2025-09-28 21:20:18,839 INFO [1759065603825-Twinkle_Score_Sheet]      PartwiseBuilder.java:2661 | Exporting sheet(s): [#1]
2025-09-28 21:20:18,921 INFO [1759065603825-Twinkle_Score_Sheet]        ScoreExporter.java:164  | Score 1759065603825-Twinkle_Score_Sheet exported to C:\Users\Jay Mirasol\Downloads\Balik-Suling-Updated-FreelanceProject-main\Balik-Suling-Updated-FreelanceProject-main\backend\omr-out\1759065603827\1759065603825-Twinkle_Score_Sheet.mxl
2025-09-28 21:20:18,969 INFO [1759065603825-Twinkle_Score_Sheet]                Score.java:181  | Closing {Score 1}
