2025-09-28 22:17:34,286 INFO [1759069050455-sample_score_twinkle]                 Book.java:562  | 1 sheet in C:\Users\Jay Mirasol\Downloads\Balik-Suling-Updated-FreelanceProject-main\Balik-Suling-Updated-FreelanceProject-main\backend\uploads\1759069050455-sample_score_twinkle.png
2025-09-28 22:17:34,556 INFO []                 Book.java:2531 | Stored /book.xml
2025-09-28 22:17:34,557 INFO []                 Book.java:2491 | Book stored as C:\Users\Jay Mirasol\Downloads\Balik-Suling-Updated-FreelanceProject-main\Balik-Suling-Updated-FreelanceProject-main\backend\omr-out\1759069050459\1759069050455-sample_score_twinkle.omr
2025-09-28 22:17:34,566 INFO []                 Book.java:1933 | Book reaching PAGE on sheets:[#1]
2025-09-28 22:17:34,568 INFO [1759069050455-sample_score_twinkle]       StepMonitoring.java:98   | LOAD
2025-09-28 22:17:34,742 INFO [1759069050455-sample_score_twinkle]            SheetStub.java:1273 | Loaded image #1 1654x2339 from C:\Users\Jay Mirasol\Downloads\Balik-Suling-Updated-FreelanceProject-main\Balik-Suling-Updated-FreelanceProject-main\backend\uploads\1759069050455-sample_score_twinkle.png
2025-09-28 22:17:34,746 INFO [1759069050455-sample_score_twinkle]            ImageUtil.java:124  | Converting max RGB to gray
2025-09-28 22:17:34,944 INFO [1759069050455-sample_score_twinkle]       StepMonitoring.java:98   | BINARY
2025-09-28 22:17:35,739 INFO [1759069050455-sample_score_twinkle]       StepMonitoring.java:98   | SCALE
2025-09-28 22:17:35,768 INFO [1759069050455-sample_score_twinkle]         ScaleBuilder.java:241  | Beam  guessed height:  7 -- 0.50 of 14 interline
2025-09-28 22:17:35,771 INFO [1759069050455-sample_score_twinkle]         ScaleBuilder.java:264  | Beam measured height:  5 -- 0.10 of [4..14] range at 190% of needed quorum
2025-09-28 22:17:35,773 INFO [1759069050455-sample_score_twinkle]            ScaleStep.java:65   | Scale{ interline(14,14,14) line(2,2,2) beam(5)}
2025-09-28 22:17:35,775 INFO [1759069050455-sample_score_twinkle]       StepMonitoring.java:98   | GRID
2025-09-28 22:17:36,360 INFO [1759069050455-sample_score_twinkle]       LinesRetriever.java:1500 | Global slope: 0.00000
2025-09-28 22:17:36,418 INFO [1759069050455-sample_score_twinkle]    ClustersRetriever.java:328  | Retrieved raw line clusters: 3 of sizes [5] with interline(14,14,14)
2025-09-28 22:17:36,545 INFO [1759069050455-sample_score_twinkle]            PeakGraph.java:310  | Systems: #1[1] #2[2] #3[3]
2025-09-28 22:17:36,833 INFO [1759069050455-sample_score_twinkle]        SystemManager.java:779  | 1 part along 3 systems
2025-09-28 22:17:36,835 INFO [1759069050455-sample_score_twinkle]                 Book.java:545  | Created scores: [{Score 1}]
2025-09-28 22:17:36,838 INFO [1759069050455-sample_score_twinkle]       StepMonitoring.java:98   | HEADERS
2025-09-28 22:17:37,563 INFO [1759069050455-sample_score_twinkle]      BasicClassifier.java:277  | Classifier loaded XML norms.
2025-09-28 22:17:37,570 INFO [1759069050455-sample_score_twinkle]   AbstractClassifier.java:396  | Classifier data loaded from default uri jar:file:/C:/Program%20Files/Audiveris/app/audiveris.jar!/res/basic-classifier.zip
2025-09-28 22:17:37,898 WARN [1759069050455-sample_score_twinkle]          ClefBuilder.java:658  | Staff#1 no recognized header clef.
2025-09-28 22:17:37,938 WARN [1759069050455-sample_score_twinkle]          ClefBuilder.java:658  | Staff#2 no recognized header clef.
2025-09-28 22:17:37,951 WARN [1759069050455-sample_score_twinkle]          ClefBuilder.java:658  | Staff#3 no recognized header clef.
2025-09-28 22:17:37,955 INFO [1759069050455-sample_score_twinkle]       StepMonitoring.java:98   | STEM_SEEDS
2025-09-28 22:17:38,011 INFO [1759069050455-sample_score_twinkle]        StemSeedsStep.java:86   | stem(2 max:2)
2025-09-28 22:17:38,049 INFO [1759069050455-sample_score_twinkle]       StepMonitoring.java:98   | BEAMS
2025-09-28 22:17:39,049 INFO [1759069050455-sample_score_twinkle]       StepMonitoring.java:98   | LEDGERS
2025-09-28 22:17:39,387 INFO [1759069050455-sample_score_twinkle]       StepMonitoring.java:98   | HEADS
2025-09-28 22:17:41,743 INFO [1759069050455-sample_score_twinkle]        HeadSeedTally.java:235  | Scale information: HeadSeeds{NOTEHEAD_VOID[R:0.5] NOTEHEAD_BLACK[L:-1.0,R:-0.5]}
2025-09-28 22:17:41,745 INFO [1759069050455-sample_score_twinkle]       StepMonitoring.java:98   | STEMS
2025-09-28 22:17:42,402 INFO [1759069050455-sample_score_twinkle]       StepMonitoring.java:98   | REDUCTION
2025-09-28 22:17:42,523 INFO [1759069050455-sample_score_twinkle]        ReductionStep.java:105  | Stems free length median value: 51 pixels, 3.6 interlines
2025-09-28 22:17:42,530 INFO [1759069050455-sample_score_twinkle]       StepMonitoring.java:98   | CUE_BEAMS
2025-09-28 22:17:42,530 INFO [1759069050455-sample_score_twinkle]         CueBeamsStep.java:81   | Step CUE_BEAMS is skipped because small heads switch is off
2025-09-28 22:17:42,530 INFO [1759069050455-sample_score_twinkle]       StepMonitoring.java:98   | TEXTS
2025-09-28 22:17:43,389 INFO [1759069050455-sample_score_twinkle]       StepMonitoring.java:98   | MEASURES
2025-09-28 22:17:43,407 INFO [1759069050455-sample_score_twinkle]                 Page.java:307  | 9 raw measures: [3 in system#1, 3 in system#2, 3 in system#3]
2025-09-28 22:17:43,407 INFO [1759069050455-sample_score_twinkle]       StepMonitoring.java:98   | CHORDS
2025-09-28 22:17:43,423 INFO [1759069050455-sample_score_twinkle]       StepMonitoring.java:98   | CURVES
2025-09-28 22:17:44,077 INFO [1759069050455-sample_score_twinkle]         SlursBuilder.java:240  | Slurs: 0
2025-09-28 22:17:44,077 INFO [1759069050455-sample_score_twinkle]      SegmentsBuilder.java:155  | Segments: 0
2025-09-28 22:17:44,095 INFO [1759069050455-sample_score_twinkle]       StepMonitoring.java:98   | SYMBOLS
2025-09-28 22:17:44,427 INFO [1759069050455-sample_score_twinkle]       StepMonitoring.java:98   | LINKS
2025-09-28 22:17:44,463 INFO [1759069050455-sample_score_twinkle]       StepMonitoring.java:98   | RHYTHMS
2025-09-28 22:17:44,565 INFO [1759069050455-sample_score_twinkle]       StepMonitoring.java:98   | PAGE
2025-09-28 22:17:44,574 WARN [1759069050455-sample_score_twinkle]         MeasureFixer.java:343  | System#1 No target duration for measures local IDs [1, 2, 3], please check time signatures
2025-09-28 22:17:44,574 WARN [1759069050455-sample_score_twinkle]         MeasureFixer.java:343  | System#2 No target duration for measures local IDs [4, 5, 6], please check time signatures
2025-09-28 22:17:44,574 WARN [1759069050455-sample_score_twinkle]         MeasureFixer.java:343  | System#3 No target duration for measures local IDs [7, 8, 9], please check time signatures
2025-09-28 22:17:44,574 INFO [1759069050455-sample_score_twinkle]                 Book.java:2550 | Book{1759069050455-sample_score_twinkle} storing
2025-09-28 22:17:44,629 INFO [1759069050455-sample_score_twinkle]                 Book.java:2531 | Stored /book.xml
2025-09-28 22:17:44,751 INFO [1759069050455-sample_score_twinkle]           DataHolder.java:348  | Stored /sheet#1/BINARY.png
2025-09-28 22:17:45,382 INFO [1759069050455-sample_score_twinkle]                Sheet.java:1583 | Stored /sheet#1/sheet#1.xml
2025-09-28 22:17:45,384 INFO [1759069050455-sample_score_twinkle]                 Book.java:2491 | Book stored as C:\Users\Jay Mirasol\Downloads\Balik-Suling-Updated-FreelanceProject-main\Balik-Suling-Updated-FreelanceProject-main\backend\omr-out\1759069050459\1759069050455-sample_score_twinkle.omr
2025-09-28 22:17:45,390 INFO [1759069050455-sample_score_twinkle]            SheetStub.java:1660 | Disposed sheet
2025-09-28 22:17:45,461 INFO [1759069050455-sample_score_twinkle]                 Book.java:2018 | End of Stub#1 memory: 32,402,920
2025-09-28 22:17:45,463 INFO [1759069050455-sample_score_twinkle]                 Book.java:2025 | Book processed.
2025-09-28 22:17:46,322 INFO [1759069050455-sample_score_twinkle]            SheetStub.java:997  | Loaded /sheet#1/sheet#1.xml
2025-09-28 22:17:47,165 INFO [1759069050455-sample_score_twinkle]      PartwiseBuilder.java:2661 | Exporting sheet(s): [#1]
2025-09-28 22:17:47,261 INFO [1759069050455-sample_score_twinkle]        ScoreExporter.java:164  | Score 1759069050455-sample_score_twinkle exported to C:\Users\Jay Mirasol\Downloads\Balik-Suling-Updated-FreelanceProject-main\Balik-Suling-Updated-FreelanceProject-main\backend\omr-out\1759069050459\1759069050455-sample_score_twinkle.mxl
2025-09-28 22:17:47,309 INFO [1759069050455-sample_score_twinkle]                Score.java:181  | Closing {Score 1}
