2025-09-28 19:19:55,206 INFO [1759058389764-sample_score_twinkle]                 Book.java:562  | 1 sheet in C:\Users\Jay Mirasol\Downloads\Balik-Suling-Updated-FreelanceProject-main\Balik-Suling-Updated-FreelanceProject-main\backend\uploads\1759058389764-sample_score_twinkle.png
2025-09-28 19:19:55,489 INFO []                 Book.java:2531 | Stored /book.xml
2025-09-28 19:19:55,489 INFO []                 Book.java:2491 | Book stored as C:\Users\Jay Mirasol\Downloads\Balik-Suling-Updated-FreelanceProject-main\Balik-Suling-Updated-FreelanceProject-main\backend\omr-out\1759058389770\1759058389764-sample_score_twinkle.omr
2025-09-28 19:19:55,497 INFO []                 Book.java:1933 | Book reaching PAGE on sheets:[#1]
2025-09-28 19:19:55,499 INFO [1759058389764-sample_score_twinkle]       StepMonitoring.java:98   | LOAD
2025-09-28 19:19:55,673 INFO [1759058389764-sample_score_twinkle]            SheetStub.java:1273 | Loaded image #1 1654x2339 from C:\Users\Jay Mirasol\Downloads\Balik-Suling-Updated-FreelanceProject-main\Balik-Suling-Updated-FreelanceProject-main\backend\uploads\1759058389764-sample_score_twinkle.png
2025-09-28 19:19:55,678 INFO [1759058389764-sample_score_twinkle]            ImageUtil.java:124  | Converting max RGB to gray
2025-09-28 19:19:55,901 INFO [1759058389764-sample_score_twinkle]       StepMonitoring.java:98   | BINARY
2025-09-28 19:19:56,400 INFO [1759058389764-sample_score_twinkle]       StepMonitoring.java:98   | SCALE
2025-09-28 19:19:56,422 INFO [1759058389764-sample_score_twinkle]         ScaleBuilder.java:241  | Beam  guessed height:  7 -- 0.50 of 14 interline
2025-09-28 19:19:56,426 INFO [1759058389764-sample_score_twinkle]         ScaleBuilder.java:264  | Beam measured height:  5 -- 0.10 of [4..14] range at 190% of needed quorum
2025-09-28 19:19:56,426 INFO [1759058389764-sample_score_twinkle]            ScaleStep.java:65   | Scale{ interline(14,14,14) line(2,2,2) beam(5)}
2025-09-28 19:19:56,427 INFO [1759058389764-sample_score_twinkle]       StepMonitoring.java:98   | GRID
2025-09-28 19:19:56,752 INFO [1759058389764-sample_score_twinkle]       LinesRetriever.java:1500 | Global slope: 0.00000
2025-09-28 19:19:56,791 INFO [1759058389764-sample_score_twinkle]    ClustersRetriever.java:328  | Retrieved raw line clusters: 3 of sizes [5] with interline(14,14,14)
2025-09-28 19:19:56,893 INFO [1759058389764-sample_score_twinkle]            PeakGraph.java:310  | Systems: #1[1] #2[2] #3[3]
2025-09-28 19:19:57,098 INFO [1759058389764-sample_score_twinkle]        SystemManager.java:779  | 1 part along 3 systems
2025-09-28 19:19:57,099 INFO [1759058389764-sample_score_twinkle]                 Book.java:545  | Created scores: [{Score 1}]
2025-09-28 19:19:57,100 INFO [1759058389764-sample_score_twinkle]       StepMonitoring.java:98   | HEADERS
2025-09-28 19:19:57,466 INFO [1759058389764-sample_score_twinkle]      BasicClassifier.java:277  | Classifier loaded XML norms.
2025-09-28 19:19:57,471 INFO [1759058389764-sample_score_twinkle]   AbstractClassifier.java:396  | Classifier data loaded from default uri jar:file:/C:/Program%20Files/Audiveris/app/audiveris.jar!/res/basic-classifier.zip
2025-09-28 19:19:57,728 WARN [1759058389764-sample_score_twinkle]          ClefBuilder.java:658  | Staff#1 no recognized header clef.
2025-09-28 19:19:57,769 WARN [1759058389764-sample_score_twinkle]          ClefBuilder.java:658  | Staff#2 no recognized header clef.
2025-09-28 19:19:57,783 WARN [1759058389764-sample_score_twinkle]          ClefBuilder.java:658  | Staff#3 no recognized header clef.
2025-09-28 19:19:57,789 INFO [1759058389764-sample_score_twinkle]       StepMonitoring.java:98   | STEM_SEEDS
2025-09-28 19:19:57,850 INFO [1759058389764-sample_score_twinkle]        StemSeedsStep.java:86   | stem(2 max:2)
2025-09-28 19:19:57,891 INFO [1759058389764-sample_score_twinkle]       StepMonitoring.java:98   | BEAMS
2025-09-28 19:19:58,844 INFO [1759058389764-sample_score_twinkle]       StepMonitoring.java:98   | LEDGERS
2025-09-28 19:19:59,151 INFO [1759058389764-sample_score_twinkle]       StepMonitoring.java:98   | HEADS
2025-09-28 19:20:01,148 INFO [1759058389764-sample_score_twinkle]        HeadSeedTally.java:235  | Scale information: HeadSeeds{NOTEHEAD_VOID[R:0.5] NOTEHEAD_BLACK[L:-1.0,R:-0.5]}
2025-09-28 19:20:01,148 INFO [1759058389764-sample_score_twinkle]       StepMonitoring.java:98   | STEMS
2025-09-28 19:20:01,684 INFO [1759058389764-sample_score_twinkle]       StepMonitoring.java:98   | REDUCTION
2025-09-28 19:20:01,812 INFO [1759058389764-sample_score_twinkle]        ReductionStep.java:105  | Stems free length median value: 51 pixels, 3.6 interlines
2025-09-28 19:20:01,819 INFO [1759058389764-sample_score_twinkle]       StepMonitoring.java:98   | CUE_BEAMS
2025-09-28 19:20:01,819 INFO [1759058389764-sample_score_twinkle]         CueBeamsStep.java:81   | Step CUE_BEAMS is skipped because small heads switch is off
2025-09-28 19:20:01,819 INFO [1759058389764-sample_score_twinkle]       StepMonitoring.java:98   | TEXTS
2025-09-28 19:20:01,895 WARN [1759058389764-sample_score_twinkle]         TesseractOCR.java:335  | The collection of supported languages is empty
2025-09-28 19:20:01,895 INFO [1759058389764-sample_score_twinkle]              OcrUtil.java:106  | Missing support for 'eng' language(s)
2025-09-28 19:20:01,913 INFO [1759058389764-sample_score_twinkle]       StepMonitoring.java:98   | MEASURES
2025-09-28 19:20:01,948 INFO [1759058389764-sample_score_twinkle]                 Page.java:307  | 9 raw measures: [3 in system#1, 3 in system#2, 3 in system#3]
2025-09-28 19:20:01,948 INFO [1759058389764-sample_score_twinkle]       StepMonitoring.java:98   | CHORDS
2025-09-28 19:20:01,966 INFO [1759058389764-sample_score_twinkle]       StepMonitoring.java:98   | CURVES
2025-09-28 19:20:02,617 INFO [1759058389764-sample_score_twinkle]         SlursBuilder.java:240  | Slurs: 0
2025-09-28 19:20:02,627 INFO [1759058389764-sample_score_twinkle]      SegmentsBuilder.java:155  | Segments: 10
2025-09-28 19:20:02,647 INFO [1759058389764-sample_score_twinkle]       StepMonitoring.java:98   | SYMBOLS
2025-09-28 19:20:03,310 INFO [1759058389764-sample_score_twinkle]       StepMonitoring.java:98   | LINKS
2025-09-28 19:20:03,353 INFO [1759058389764-sample_score_twinkle]       StepMonitoring.java:98   | RHYTHMS
2025-09-28 19:20:03,439 INFO [1759058389764-sample_score_twinkle]       StepMonitoring.java:98   | PAGE
2025-09-28 19:20:03,444 WARN [1759058389764-sample_score_twinkle]         MeasureFixer.java:343  | System#1 No target duration for measures local IDs [1, 2, 3], please check time signatures
2025-09-28 19:20:03,444 WARN [1759058389764-sample_score_twinkle]         MeasureFixer.java:343  | System#2 No target duration for measures local IDs [4, 5, 6], please check time signatures
2025-09-28 19:20:03,449 WARN [1759058389764-sample_score_twinkle]         MeasureFixer.java:343  | System#3 No target duration for measures local IDs [7, 8, 9], please check time signatures
2025-09-28 19:20:03,451 INFO [1759058389764-sample_score_twinkle]                 Book.java:2550 | Book{1759058389764-sample_score_twinkle} storing
2025-09-28 19:20:03,500 INFO [1759058389764-sample_score_twinkle]                 Book.java:2531 | Stored /book.xml
2025-09-28 19:20:03,617 INFO [1759058389764-sample_score_twinkle]           DataHolder.java:348  | Stored /sheet#1/BINARY.png
2025-09-28 19:20:04,189 INFO [1759058389764-sample_score_twinkle]                Sheet.java:1583 | Stored /sheet#1/sheet#1.xml
2025-09-28 19:20:04,191 INFO [1759058389764-sample_score_twinkle]                 Book.java:2491 | Book stored as C:\Users\Jay Mirasol\Downloads\Balik-Suling-Updated-FreelanceProject-main\Balik-Suling-Updated-FreelanceProject-main\backend\omr-out\1759058389770\1759058389764-sample_score_twinkle.omr
2025-09-28 19:20:04,196 INFO [1759058389764-sample_score_twinkle]            SheetStub.java:1660 | Disposed sheet
2025-09-28 19:20:04,244 INFO [1759058389764-sample_score_twinkle]                 Book.java:2018 | End of Stub#1 memory: 32,218,544
2025-09-28 19:20:04,244 INFO [1759058389764-sample_score_twinkle]                 Book.java:2025 | Book processed.
2025-09-28 19:20:05,087 INFO [1759058389764-sample_score_twinkle]            SheetStub.java:997  | Loaded /sheet#1/sheet#1.xml
2025-09-28 19:20:05,923 INFO [1759058389764-sample_score_twinkle]      PartwiseBuilder.java:2661 | Exporting sheet(s): [#1]
2025-09-28 19:20:06,010 INFO [1759058389764-sample_score_twinkle]        ScoreExporter.java:164  | Score 1759058389764-sample_score_twinkle exported to C:\Users\Jay Mirasol\Downloads\Balik-Suling-Updated-FreelanceProject-main\Balik-Suling-Updated-FreelanceProject-main\backend\omr-out\1759058389770\1759058389764-sample_score_twinkle.mxl
2025-09-28 19:20:06,070 INFO [1759058389764-sample_score_twinkle]                Score.java:181  | Closing {Score 1}
