2025-10-01 22:34:42,826 ERROR [1759329269852-Best_Part_Score_Sheet]              IOUtils.java:278  | Unmapping is not supported.
java.lang.reflect.InaccessibleObjectException: Unable to make public jdk.internal.ref.Cleaner java.nio.DirectByteBuffer.cleaner() accessible: module java.base does not "opens java.nio" to unnamed module @7c711375
	at java.base/java.lang.reflect.AccessibleObject.throwInaccessibleObjectException(Unknown Source)
	at java.base/java.lang.reflect.AccessibleObject.checkCanSetAccessible(Unknown Source)
	at java.base/java.lang.reflect.AccessibleObject.checkCanSetAccessible(Unknown Source)
	at java.base/java.lang.reflect.Method.checkCanSetAccessible(Unknown Source)
	at java.base/java.lang.reflect.Method.setAccessible(Unknown Source)
	at org.apache.pdfbox.io.IOUtils.unmapper(IOUtils.java:244)
	at java.base/java.security.AccessController.doPrivileged(Unknown Source)
	at org.apache.pdfbox.io.IOUtils.<clinit>(IOUtils.java:69)
	at org.apache.pdfbox.Loader.loadPDF(Loader.java:378)
	at org.audiveris.omr.image.ImageLoading.getPdfLoader(ImageLoading.java:159)
	at org.audiveris.omr.image.ImageLoading.getLoader(ImageLoading.java:209)
	at org.audiveris.omr.sheet.Book.createStubs(Book.java:557)
	at org.audiveris.omr.CLI$ProcessingTask.processBook(CLI.java:830)
	at org.audiveris.omr.CLI$CliTask.call(CLI.java:504)
	at org.audiveris.omr.Main.runBatchTasks(Main.java:371)
	at org.audiveris.omr.Main.main(Main.java:260)
	at Audiveris.main(Audiveris.java:50)
2025-10-01 22:34:42,922 INFO [1759329269852-Best_Part_Score_Sheet]                 Book.java:562  | 1 sheet in C:\Dev\Balik-Suling-Updated-FreelanceProject-main\backend\uploads\1759329269852-Best_Part_Score_Sheet.pdf
2025-10-01 22:34:43,318 INFO []                 Book.java:2531 | Stored /book.xml
2025-10-01 22:34:43,319 INFO []                 Book.java:2491 | Book stored as C:\Dev\Balik-Suling-Updated-FreelanceProject-main\backend\omr-out\1759329269919\1759329269852-Best_Part_Score_Sheet.omr
2025-10-01 22:34:43,353 INFO []                 Book.java:1933 | Book reaching PAGE on sheets:[#1]
2025-10-01 22:34:43,358 INFO [1759329269852-Best_Part_Score_Sheet]       StepMonitoring.java:98   | LOAD
2025-10-01 22:34:43,992 INFO [1759329269852-Best_Part_Score_Sheet]            SheetStub.java:1273 | Loaded image #1 2550x3299 from C:\Dev\Balik-Suling-Updated-FreelanceProject-main\backend\uploads\1759329269852-Best_Part_Score_Sheet.pdf
2025-10-01 22:34:43,999 INFO [1759329269852-Best_Part_Score_Sheet]       StepMonitoring.java:98   | BINARY
2025-10-01 22:34:45,211 INFO [1759329269852-Best_Part_Score_Sheet]       StepMonitoring.java:98   | SCALE
2025-10-01 22:34:45,256 INFO [1759329269852-Best_Part_Score_Sheet]         ScaleBuilder.java:222  | Significant beam peak detected: 4 pixels
2025-10-01 22:34:45,259 INFO [1759329269852-Best_Part_Score_Sheet]            ScaleStep.java:65   | Scale{ small_interline(13,14,14) interline(16,16,17) line(2,2,3) beam(4)}
2025-10-01 22:34:45,261 INFO [1759329269852-Best_Part_Score_Sheet]       StepMonitoring.java:98   | GRID
2025-10-01 22:34:46,365 INFO [1759329269852-Best_Part_Score_Sheet]       LinesRetriever.java:1500 | Global slope: 0.00000
2025-10-01 22:34:46,472 INFO [1759329269852-Best_Part_Score_Sheet]    ClustersRetriever.java:328  | Retrieved raw line clusters: 0 of sizes [5] with interline(16,16,17)
2025-10-01 22:34:46,476 INFO [1759329269852-Best_Part_Score_Sheet]       LinesRetriever.java:1516 | Searching clusters with smallInterline: 14
2025-10-01 22:34:46,509 INFO [1759329269852-Best_Part_Score_Sheet]    ClustersRetriever.java:328  | Retrieved raw line clusters: 2 of sizes [5] with interline(13,14,14)
2025-10-01 22:34:46,704 INFO [1759329269852-Best_Part_Score_Sheet]            PeakGraph.java:310  | Systems: #1[1, 2]
2025-10-01 22:34:47,273 INFO [1759329269852-Best_Part_Score_Sheet]        SystemManager.java:779  | 1 part along 1 system
2025-10-01 22:34:47,275 INFO [1759329269852-Best_Part_Score_Sheet]                 Book.java:545  | Created scores: [{Score 1}]
2025-10-01 22:34:47,276 INFO [1759329269852-Best_Part_Score_Sheet]       StepMonitoring.java:98   | HEADERS
2025-10-01 22:34:47,791 INFO [1759329269852-Best_Part_Score_Sheet]      BasicClassifier.java:277  | Classifier loaded XML norms.
2025-10-01 22:34:47,797 INFO [1759329269852-Best_Part_Score_Sheet]   AbstractClassifier.java:396  | Classifier data loaded from default uri jar:file:/C:/Program%20Files/Audiveris/app/audiveris.jar!/res/basic-classifier.zip
2025-10-01 22:34:48,892 WARN [1759329269852-Best_Part_Score_Sheet]          ClefBuilder.java:658  | Staff#2 no recognized header clef.
2025-10-01 22:34:49,006 INFO [1759329269852-Best_Part_Score_Sheet]       StepMonitoring.java:98   | STEM_SEEDS
2025-10-01 22:34:49,115 INFO [1759329269852-Best_Part_Score_Sheet]        StemSeedsStep.java:86   | stem(5 max:5)
2025-10-01 22:34:49,242 INFO [1759329269852-Best_Part_Score_Sheet]       StepMonitoring.java:98   | BEAMS
2025-10-01 22:34:52,338 INFO [1759329269852-Best_Part_Score_Sheet]       StepMonitoring.java:98   | LEDGERS
2025-10-01 22:34:53,076 INFO [1759329269852-Best_Part_Score_Sheet]       StepMonitoring.java:98   | HEADS
2025-10-01 22:34:55,490 INFO [1759329269852-Best_Part_Score_Sheet]        HeadSeedTally.java:235  | Scale information: HeadSeeds{NOTEHEAD_BLACK[R:0.2]}
2025-10-01 22:34:55,491 INFO [1759329269852-Best_Part_Score_Sheet]       StepMonitoring.java:98   | STEMS
2025-10-01 22:35:02,076 INFO [1759329269852-Best_Part_Score_Sheet]       StepMonitoring.java:98   | REDUCTION
2025-10-01 22:35:02,355 INFO [1759329269852-Best_Part_Score_Sheet]        ReductionStep.java:105  | Stems free length median value: 52 pixels, 3.3 interlines
2025-10-01 22:35:02,372 INFO [1759329269852-Best_Part_Score_Sheet]       StepMonitoring.java:98   | CUE_BEAMS
2025-10-01 22:35:02,373 INFO [1759329269852-Best_Part_Score_Sheet]         CueBeamsStep.java:81   | Step CUE_BEAMS is skipped because small heads switch is off
2025-10-01 22:35:02,374 INFO [1759329269852-Best_Part_Score_Sheet]       StepMonitoring.java:98   | TEXTS
2025-10-01 22:35:05,118 INFO [1759329269852-Best_Part_Score_Sheet]       StepMonitoring.java:98   | MEASURES
2025-10-01 22:35:05,147 INFO [1759329269852-Best_Part_Score_Sheet]                 Page.java:307  | 4 raw measures: [4 in system#1]
2025-10-01 22:35:05,150 INFO [1759329269852-Best_Part_Score_Sheet]       StepMonitoring.java:98   | CHORDS
2025-10-01 22:35:05,183 INFO [1759329269852-Best_Part_Score_Sheet]       StepMonitoring.java:98   | CURVES
2025-10-01 22:35:06,850 INFO [1759329269852-Best_Part_Score_Sheet]         SlursBuilder.java:240  | Slurs: 5
2025-10-01 22:35:06,902 INFO [1759329269852-Best_Part_Score_Sheet]      SegmentsBuilder.java:155  | Segments: 26
2025-10-01 22:35:06,940 INFO [1759329269852-Best_Part_Score_Sheet]       StepMonitoring.java:98   | SYMBOLS
2025-10-01 22:35:08,336 INFO [1759329269852-Best_Part_Score_Sheet]       StepMonitoring.java:98   | LINKS
2025-10-01 22:35:08,421 INFO [1759329269852-Best_Part_Score_Sheet]       StepMonitoring.java:98   | RHYTHMS
2025-10-01 22:35:08,508 INFO [1759329269852-Best_Part_Score_Sheet]        MeasureRhythm.java:1045 | Measure{#4} No timeOffset for HeadChordInter#4569{(0.595/0.595) staff:2 slot#2 dur:1/8}
2025-10-01 22:35:08,511 INFO [1759329269852-Best_Part_Score_Sheet]          StackRhythm.java:224  | S1 MeasureStack#4 no correct rhythm
2025-10-01 22:35:08,514 INFO [1759329269852-Best_Part_Score_Sheet]       StepMonitoring.java:98   | PAGE
2025-10-01 22:35:08,526 WARN [1759329269852-Best_Part_Score_Sheet]         MeasureFixer.java:343  | System#1 No target duration for measures local IDs [1, 2, 3, 4], please check time signatures
2025-10-01 22:35:08,529 INFO [1759329269852-Best_Part_Score_Sheet]                 Book.java:2550 | Book{1759329269852-Best_Part_Score_Sheet} storing
2025-10-01 22:35:08,632 INFO [1759329269852-Best_Part_Score_Sheet]                 Book.java:2531 | Stored /book.xml
2025-10-01 22:35:08,823 INFO [1759329269852-Best_Part_Score_Sheet]           DataHolder.java:348  | Stored /sheet#1/BINARY.png
2025-10-01 22:35:09,766 INFO [1759329269852-Best_Part_Score_Sheet]                Sheet.java:1583 | Stored /sheet#1/sheet#1.xml
2025-10-01 22:35:09,767 INFO [1759329269852-Best_Part_Score_Sheet]                 Book.java:2491 | Book stored as C:\Dev\Balik-Suling-Updated-FreelanceProject-main\backend\omr-out\1759329269919\1759329269852-Best_Part_Score_Sheet.omr
2025-10-01 22:35:09,773 INFO [1759329269852-Best_Part_Score_Sheet]            SheetStub.java:1660 | Disposed sheet
2025-10-01 22:35:09,859 INFO [1759329269852-Best_Part_Score_Sheet]                 Book.java:2018 | End of Stub#1 memory: 39,224,688
2025-10-01 22:35:09,861 INFO [1759329269852-Best_Part_Score_Sheet]                 Book.java:2025 | Book processed.
2025-10-01 22:35:10,574 INFO [1759329269852-Best_Part_Score_Sheet]            SheetStub.java:997  | Loaded /sheet#1/sheet#1.xml
2025-10-01 22:35:11,373 INFO [1759329269852-Best_Part_Score_Sheet]      PartwiseBuilder.java:2661 | Exporting sheet(s): [#1]
2025-10-01 22:35:11,514 INFO [1759329269852-Best_Part_Score_Sheet]        ScoreExporter.java:164  | Score 1759329269852-Best_Part_Score_Sheet exported to C:\Dev\Balik-Suling-Updated-FreelanceProject-main\backend\omr-out\1759329269919\1759329269852-Best_Part_Score_Sheet.mxl
2025-10-01 22:35:11,577 INFO [1759329269852-Best_Part_Score_Sheet]                Score.java:181  | Closing {Score 1}
