2025-09-28 19:48:42,436 INFO [1759060119953-score_0]                 Book.java:562  | 1 sheet in C:\Users\Jay Mirasol\Downloads\Balik-Suling-Updated-FreelanceProject-main\Balik-Suling-Updated-FreelanceProject-main\backend\uploads\1759060119953-score_0.png
2025-09-28 19:48:42,684 INFO []                 Book.java:2531 | Stored /book.xml
2025-09-28 19:48:42,684 INFO []                 Book.java:2491 | Book stored as C:\Users\Jay Mirasol\Downloads\Balik-Suling-Updated-FreelanceProject-main\Balik-Suling-Updated-FreelanceProject-main\backend\omr-out\1759060119956\1759060119953-score_0.omr
2025-09-28 19:48:42,692 INFO []                 Book.java:1933 | Book reaching PAGE on sheets:[#1]
2025-09-28 19:48:42,694 INFO [1759060119953-score_0]       StepMonitoring.java:98   | LOAD
2025-09-28 19:48:42,729 INFO [1759060119953-score_0]            SheetStub.java:1273 | Loaded image #1 850x1100 from C:\Users\Jay Mirasol\Downloads\Balik-Suling-Updated-FreelanceProject-main\Balik-Suling-Updated-FreelanceProject-main\backend\uploads\1759060119953-score_0.png
2025-09-28 19:48:42,735 INFO [1759060119953-score_0]       StepMonitoring.java:98   | BINARY
2025-09-28 19:48:42,952 INFO [1759060119953-score_0]       StepMonitoring.java:98   | SCALE
2025-09-28 19:48:42,978 WARN [1759060119953-score_0]            SheetStub.java:412  | 1759060119953-score_0

 With a too low interline value of 7 pixels,
 either this sheet contains no multi-line staves,
 or the picture resolution is too low (try 300 DPI).

 This interline value is NOT RELIABLE!
2025-09-28 19:48:42,980 INFO [1759060119953-score_0]                 Book.java:545  | Created scores: []
2025-09-28 19:48:42,980 INFO [1759060119953-score_0]            SheetStub.java:1191 | Sheet 1759060119953-score_0 flagged as invalid.
2025-09-28 19:48:42,980 INFO [1759060119953-score_0]            SheetStub.java:1410 | StepException cause detected in [LOAD, BINARY, SCALE, GRID, HEADERS, STEM_SEEDS, BEAMS, LEDGERS, HEADS, STEMS, REDUCTION, CUE_BEAMS, TEXTS, MEASURES, CHORDS, CURVES, SYMBOLS, LINKS, RHYTHMS, PAGE]
2025-09-28 19:48:42,981 INFO [1759060119953-score_0]                 Book.java:2550 | Book{1759060119953-score_0} storing
2025-09-28 19:48:43,007 INFO [1759060119953-score_0]                 Book.java:2531 | Stored /book.xml
2025-09-28 19:48:43,044 INFO [1759060119953-score_0]           DataHolder.java:348  | Stored /sheet#1/BINARY.png
2025-09-28 19:48:43,365 INFO [1759060119953-score_0]                Sheet.java:1583 | Stored /sheet#1/sheet#1.xml
2025-09-28 19:48:43,365 INFO [1759060119953-score_0]                 Book.java:2491 | Book stored as C:\Users\Jay Mirasol\Downloads\Balik-Suling-Updated-FreelanceProject-main\Balik-Suling-Updated-FreelanceProject-main\backend\omr-out\1759060119956\1759060119953-score_0.omr
2025-09-28 19:48:43,387 INFO [1759060119953-score_0]            SheetStub.java:1660 | Disposed sheet
2025-09-28 19:48:43,422 INFO [1759060119953-score_0]                 Book.java:2018 | End of Stub#1 memory: 14,462,920
2025-09-28 19:48:43,423 INFO [1759060119953-score_0]                 Book.java:2025 | Book processed.
2025-09-28 19:48:43,424 INFO [1759060119953-score_0]                 Book.java:599  | Could not export since transcription did not complete successfully
