2025-09-28 03:23:01,200 INFO [1759000978852-floor_4]                 Book.java:562  | 1 sheet in C:\Users\Jay Mirasol\Downloads\Balik-Suling-Updated-FreelanceProject-main\Balik-Suling-Updated-FreelanceProject-main\backend\uploads\1759000978852-floor_4.png
2025-09-28 03:23:01,389 INFO []                 Book.java:2531 | Stored /book.xml
2025-09-28 03:23:01,389 INFO []                 Book.java:2491 | Book stored as C:\Users\Jay Mirasol\Downloads\Balik-Suling-Updated-FreelanceProject-main\Balik-Suling-Updated-FreelanceProject-main\backend\omr-out\1759000978875\1759000978852-floor_4.omr
2025-09-28 03:23:01,423 INFO []                 Book.java:1933 | Book reaching PAGE on sheets:[#1]
2025-09-28 03:23:01,425 INFO [1759000978852-floor_4]       StepMonitoring.java:98   | LOAD
2025-09-28 03:23:01,545 INFO [1759000978852-floor_4]            SheetStub.java:1273 | Loaded image #1 1024x1024 from C:\Users\Jay Mirasol\Downloads\Balik-Suling-Updated-FreelanceProject-main\Balik-Suling-Updated-FreelanceProject-main\backend\uploads\1759000978852-floor_4.png
2025-09-28 03:23:01,549 INFO [1759000978852-floor_4]            ImageUtil.java:206  | Discarding alpha band ...
2025-09-28 03:23:01,602 INFO [1759000978852-floor_4]            ImageUtil.java:124  | Converting max RGB to gray
2025-09-28 03:23:01,656 INFO [1759000978852-floor_4]       StepMonitoring.java:98   | BINARY
2025-09-28 03:23:01,807 INFO [1759000978852-floor_4]       StepMonitoring.java:98   | SCALE
2025-09-28 03:23:01,821 WARN [1759000978852-floor_4]            SheetStub.java:412  | 1759000978852-floor_4

 With a too low interline value of 3 pixels,
 either this sheet contains no multi-line staves,
 or the picture resolution is too low (try 300 DPI).

 This interline value is NOT RELIABLE!
2025-09-28 03:23:01,823 INFO [1759000978852-floor_4]                 Book.java:545  | Created scores: []
2025-09-28 03:23:01,824 INFO [1759000978852-floor_4]            SheetStub.java:1191 | Sheet 1759000978852-floor_4 flagged as invalid.
2025-09-28 03:23:01,824 INFO [1759000978852-floor_4]            SheetStub.java:1410 | StepException cause detected in [LOAD, BINARY, SCALE, GRID, HEADERS, STEM_SEEDS, BEAMS, LEDGERS, HEADS, STEMS, REDUCTION, CUE_BEAMS, TEXTS, MEASURES, CHORDS, CURVES, SYMBOLS, LINKS, RHYTHMS, PAGE]
2025-09-28 03:23:01,825 INFO [1759000978852-floor_4]                 Book.java:2550 | Book{1759000978852-floor_4} storing
2025-09-28 03:23:01,844 INFO [1759000978852-floor_4]                 Book.java:2531 | Stored /book.xml
2025-09-28 03:23:01,880 INFO [1759000978852-floor_4]           DataHolder.java:348  | Stored /sheet#1/BINARY.png
2025-09-28 03:23:02,164 INFO [1759000978852-floor_4]                Sheet.java:1583 | Stored /sheet#1/sheet#1.xml
2025-09-28 03:23:02,165 INFO [1759000978852-floor_4]                 Book.java:2491 | Book stored as C:\Users\Jay Mirasol\Downloads\Balik-Suling-Updated-FreelanceProject-main\Balik-Suling-Updated-FreelanceProject-main\backend\omr-out\1759000978875\1759000978852-floor_4.omr
2025-09-28 03:23:02,171 INFO [1759000978852-floor_4]            SheetStub.java:1660 | Disposed sheet
2025-09-28 03:23:02,200 INFO [1759000978852-floor_4]                 Book.java:2018 | End of Stub#1 memory: 12,314,360
2025-09-28 03:23:02,201 INFO [1759000978852-floor_4]                 Book.java:2025 | Book processed.
2025-09-28 03:23:02,201 INFO [1759000978852-floor_4]                 Book.java:599  | Could not export since transcription did not complete successfully
