2025-09-28 21:16:57,798 ERROR [1759065413509-All_Of_Me_Score_Sheet]              IOUtils.java:278  | Unmapping is not supported.
java.lang.reflect.InaccessibleObjectException: Unable to make public jdk.internal.ref.Cleaner java.nio.DirectByteBuffer.cleaner() accessible: module java.base does not "opens java.nio" to unnamed module @7c711375
	at java.base/java.lang.reflect.AccessibleObject.throwInaccessibleObjectException(Unknown Source)
	at java.base/java.lang.reflect.AccessibleObject.checkCanSetAccessible(Unknown Source)
	at java.base/java.lang.reflect.AccessibleObject.checkCanSetAccessible(Unknown Source)
	at java.base/java.lang.reflect.Method.checkCanSetAccessible(Unknown Source)
	at java.base/java.lang.reflect.Method.setAccessible(Unknown Source)
	at org.apache.pdfbox.io.IOUtils.unmapper(IOUtils.java:244)
	at java.base/java.security.AccessController.doPrivileged(Unknown Source)
	at org.apache.pdfbox.io.IOUtils.<clinit>(IOUtils.java:69)
	at org.apache.pdfbox.Loader.loadPDF(Loader.java:378)
	at org.audiveris.omr.image.ImageLoading.getPdfLoader(ImageLoading.java:159)
	at org.audiveris.omr.image.ImageLoading.getLoader(ImageLoading.java:209)
	at org.audiveris.omr.sheet.Book.createStubs(Book.java:557)
	at org.audiveris.omr.CLI$ProcessingTask.processBook(CLI.java:830)
	at org.audiveris.omr.CLI$CliTask.call(CLI.java:504)
	at org.audiveris.omr.Main.runBatchTasks(Main.java:371)
	at org.audiveris.omr.Main.main(Main.java:260)
	at Audiveris.main(Audiveris.java:50)
2025-09-28 21:16:57,881 INFO [1759065413509-All_Of_Me_Score_Sheet]                 Book.java:562  | 1 sheet in C:\Users\Jay Mirasol\Downloads\Balik-Suling-Updated-FreelanceProject-main\Balik-Suling-Updated-FreelanceProject-main\backend\uploads\1759065413509-All_Of_Me_Score_Sheet.pdf
2025-09-28 21:16:58,221 INFO []                 Book.java:2531 | Stored /book.xml
2025-09-28 21:16:58,222 INFO []                 Book.java:2491 | Book stored as C:\Users\Jay Mirasol\Downloads\Balik-Suling-Updated-FreelanceProject-main\Balik-Suling-Updated-FreelanceProject-main\backend\omr-out\1759065413512\1759065413509-All_Of_Me_Score_Sheet.omr
2025-09-28 21:16:58,230 INFO []                 Book.java:1933 | Book reaching PAGE on sheets:[#1]
2025-09-28 21:16:58,233 INFO [1759065413509-All_Of_Me_Score_Sheet]       StepMonitoring.java:98   | LOAD
2025-09-28 21:16:58,735 INFO [1759065413509-All_Of_Me_Score_Sheet]            SheetStub.java:1273 | Loaded image #1 2550x3299 from C:\Users\Jay Mirasol\Downloads\Balik-Suling-Updated-FreelanceProject-main\Balik-Suling-Updated-FreelanceProject-main\backend\uploads\1759065413509-All_Of_Me_Score_Sheet.pdf
2025-09-28 21:16:58,739 INFO [1759065413509-All_Of_Me_Score_Sheet]       StepMonitoring.java:98   | BINARY
2025-09-28 21:16:59,594 INFO [1759065413509-All_Of_Me_Score_Sheet]       StepMonitoring.java:98   | SCALE
2025-09-28 21:16:59,630 INFO [1759065413509-All_Of_Me_Score_Sheet]         ScaleBuilder.java:222  | Significant beam peak detected: 6 pixels
2025-09-28 21:16:59,631 INFO [1759065413509-All_Of_Me_Score_Sheet]            ScaleStep.java:65   | Scale{ small_interline(19,19,19) interline(22,22,22) line(2,3,3) beam(6)}
2025-09-28 21:16:59,632 INFO [1759065413509-All_Of_Me_Score_Sheet]       StepMonitoring.java:98   | GRID
2025-09-28 21:17:00,323 INFO [1759065413509-All_Of_Me_Score_Sheet]       LinesRetriever.java:1500 | Global slope: 0.00000
2025-09-28 21:17:00,351 INFO [1759065413509-All_Of_Me_Score_Sheet]    ClustersRetriever.java:328  | Retrieved raw line clusters: 0 of sizes [5] with interline(22,22,22)
2025-09-28 21:17:00,353 INFO [1759065413509-All_Of_Me_Score_Sheet]       LinesRetriever.java:1516 | Searching clusters with smallInterline: 19
2025-09-28 21:17:00,371 INFO [1759065413509-All_Of_Me_Score_Sheet]    ClustersRetriever.java:328  | Retrieved raw line clusters: 0 of sizes [5] with interline(19,19,19)
2025-09-28 21:17:00,392 WARN [1759065413509-All_Of_Me_Score_Sheet]            PeakGraph.java:305  | No system found
2025-09-28 21:17:00,393 INFO [1759065413509-All_Of_Me_Score_Sheet]                 Book.java:545  | Created scores: []
2025-09-28 21:17:00,394 INFO [1759065413509-All_Of_Me_Score_Sheet]            SheetStub.java:1191 | Sheet 1759065413509-All_Of_Me_Score_Sheet flagged as invalid.
2025-09-28 21:17:00,395 INFO [1759065413509-All_Of_Me_Score_Sheet]            SheetStub.java:1410 | StepException cause detected in [LOAD, BINARY, SCALE, GRID, HEADERS, STEM_SEEDS, BEAMS, LEDGERS, HEADS, STEMS, REDUCTION, CUE_BEAMS, TEXTS, MEASURES, CHORDS, CURVES, SYMBOLS, LINKS, RHYTHMS, PAGE]
2025-09-28 21:17:00,396 INFO [1759065413509-All_Of_Me_Score_Sheet]                 Book.java:2550 | Book{1759065413509-All_Of_Me_Score_Sheet} storing
2025-09-28 21:17:00,431 INFO [1759065413509-All_Of_Me_Score_Sheet]                 Book.java:2531 | Stored /book.xml
2025-09-28 21:17:00,614 INFO [1759065413509-All_Of_Me_Score_Sheet]           DataHolder.java:348  | Stored /sheet#1/BINARY.png
2025-09-28 21:17:00,942 INFO [1759065413509-All_Of_Me_Score_Sheet]                Sheet.java:1583 | Stored /sheet#1/sheet#1.xml
2025-09-28 21:17:00,943 INFO [1759065413509-All_Of_Me_Score_Sheet]                 Book.java:2491 | Book stored as C:\Users\Jay Mirasol\Downloads\Balik-Suling-Updated-FreelanceProject-main\Balik-Suling-Updated-FreelanceProject-main\backend\omr-out\1759065413512\1759065413509-All_Of_Me_Score_Sheet.omr
2025-09-28 21:17:00,947 INFO [1759065413509-All_Of_Me_Score_Sheet]            SheetStub.java:1660 | Disposed sheet
2025-09-28 21:17:00,989 INFO [1759065413509-All_Of_Me_Score_Sheet]                 Book.java:2018 | End of Stub#1 memory: 19,687,648
2025-09-28 21:17:00,990 INFO [1759065413509-All_Of_Me_Score_Sheet]                 Book.java:2025 | Book processed.
2025-09-28 21:17:00,990 INFO [1759065413509-All_Of_Me_Score_Sheet]                 Book.java:599  | Could not export since transcription did not complete successfully
