2025-09-30 23:00:05,100 INFO [1759244402283-allofme]                 Book.java:562  | 1 sheet in C:\Dev\Balik-Suling-Updated-FreelanceProject-main\backend\uploads\1759244402283-allofme.png
2025-09-30 23:00:05,341 INFO []                 Book.java:2531 | Stored /book.xml
2025-09-30 23:00:05,342 INFO []                 Book.java:2491 | Book stored as C:\Dev\Balik-Suling-Updated-FreelanceProject-main\backend\omr-out\1759244402286\1759244402283-allofme.omr
2025-09-30 23:00:05,351 INFO []                 Book.java:1933 | Book reaching PAGE on sheets:[#1]
2025-09-30 23:00:05,354 INFO [1759244402283-allofme]       StepMonitoring.java:98   | LOAD
2025-09-30 23:00:05,397 INFO [1759244402283-allofme]            SheetStub.java:1273 | Loaded image #1 850x1100 from C:\Dev\Balik-Suling-Updated-FreelanceProject-main\backend\uploads\1759244402283-allofme.png
2025-09-30 23:00:05,404 INFO [1759244402283-allofme]       StepMonitoring.java:98   | BINARY
2025-09-30 23:00:05,638 INFO [1759244402283-allofme]       StepMonitoring.java:98   | SCALE
2025-09-30 23:00:05,666 WARN [1759244402283-allofme]            SheetStub.java:412  | 1759244402283-allofme

 With a too low interline value of 7 pixels,
 either this sheet contains no multi-line staves,
 or the picture resolution is too low (try 300 DPI).

 This interline value is NOT RELIABLE!
2025-09-30 23:00:05,668 INFO [1759244402283-allofme]                 Book.java:545  | Created scores: []
2025-09-30 23:00:05,668 INFO [1759244402283-allofme]            SheetStub.java:1191 | Sheet 1759244402283-allofme flagged as invalid.
2025-09-30 23:00:05,669 INFO [1759244402283-allofme]            SheetStub.java:1410 | StepException cause detected in [LOAD, BINARY, SCALE, GRID, HEADERS, STEM_SEEDS, BEAMS, LEDGERS, HEADS, STEMS, REDUCTION, CUE_BEAMS, TEXTS, MEASURES, CHORDS, CURVES, SYMBOLS, LINKS, RHYTHMS, PAGE]
2025-09-30 23:00:05,669 INFO [1759244402283-allofme]                 Book.java:2550 | Book{1759244402283-allofme} storing
2025-09-30 23:00:05,693 INFO [1759244402283-allofme]                 Book.java:2531 | Stored /book.xml
2025-09-30 23:00:05,758 INFO [1759244402283-allofme]           DataHolder.java:348  | Stored /sheet#1/BINARY.png
2025-09-30 23:00:06,161 INFO [1759244402283-allofme]                Sheet.java:1583 | Stored /sheet#1/sheet#1.xml
2025-09-30 23:00:06,162 INFO [1759244402283-allofme]                 Book.java:2491 | Book stored as C:\Dev\Balik-Suling-Updated-FreelanceProject-main\backend\omr-out\1759244402286\1759244402283-allofme.omr
2025-09-30 23:00:06,169 INFO [1759244402283-allofme]            SheetStub.java:1660 | Disposed sheet
2025-09-30 23:00:06,206 INFO [1759244402283-allofme]                 Book.java:2018 | End of Stub#1 memory: 12,317,944
2025-09-30 23:00:06,207 INFO [1759244402283-allofme]                 Book.java:2025 | Book processed.
2025-09-30 23:00:06,208 INFO [1759244402283-allofme]                 Book.java:599  | Could not export since transcription did not complete successfully
