2025-09-28 21:00:22,307 INFO [1759064419890-score_0]                 Book.java:562  | 1 sheet in C:\Users\Jay Mirasol\Downloads\Balik-Suling-Updated-FreelanceProject-main\Balik-Suling-Updated-FreelanceProject-main\backend\uploads\1759064419890-score_0.png
2025-09-28 21:00:22,524 INFO []                 Book.java:2531 | Stored /book.xml
2025-09-28 21:00:22,524 INFO []                 Book.java:2491 | Book stored as C:\Users\Jay Mirasol\Downloads\Balik-Suling-Updated-FreelanceProject-main\Balik-Suling-Updated-FreelanceProject-main\backend\omr-out\1759064419895\1759064419890-score_0.omr
2025-09-28 21:00:22,553 INFO []                 Book.java:1933 | Book reaching PAGE on sheets:[#1]
2025-09-28 21:00:22,555 INFO [1759064419890-score_0]       StepMonitoring.java:98   | LOAD
2025-09-28 21:00:22,592 INFO [1759064419890-score_0]            SheetStub.java:1273 | Loaded image #1 850x1100 from C:\Users\Jay Mirasol\Downloads\Balik-Suling-Updated-FreelanceProject-main\Balik-Suling-Updated-FreelanceProject-main\backend\uploads\1759064419890-score_0.png
2025-09-28 21:00:22,599 INFO [1759064419890-score_0]       StepMonitoring.java:98   | BINARY
2025-09-28 21:00:22,847 INFO [1759064419890-score_0]       StepMonitoring.java:98   | SCALE
2025-09-28 21:00:22,886 WARN [1759064419890-score_0]            SheetStub.java:412  | 1759064419890-score_0

 With a too low interline value of 7 pixels,
 either this sheet contains no multi-line staves,
 or the picture resolution is too low (try 300 DPI).

 This interline value is NOT RELIABLE!
2025-09-28 21:00:22,891 INFO [1759064419890-score_0]                 Book.java:545  | Created scores: []
2025-09-28 21:00:22,891 INFO [1759064419890-score_0]            SheetStub.java:1191 | Sheet 1759064419890-score_0 flagged as invalid.
2025-09-28 21:00:22,899 INFO [1759064419890-score_0]            SheetStub.java:1410 | StepException cause detected in [LOAD, BINARY, SCALE, GRID, HEADERS, STEM_SEEDS, BEAMS, LEDGERS, HEADS, STEMS, REDUCTION, CUE_BEAMS, TEXTS, MEASURES, CHORDS, CURVES, SYMBOLS, LINKS, RHYTHMS, PAGE]
2025-09-28 21:00:22,900 INFO [1759064419890-score_0]                 Book.java:2550 | Book{1759064419890-score_0} storing
2025-09-28 21:00:22,939 INFO [1759064419890-score_0]                 Book.java:2531 | Stored /book.xml
2025-09-28 21:00:22,996 INFO [1759064419890-score_0]           DataHolder.java:348  | Stored /sheet#1/BINARY.png
2025-09-28 21:00:23,433 INFO [1759064419890-score_0]                Sheet.java:1583 | Stored /sheet#1/sheet#1.xml
2025-09-28 21:00:23,434 INFO [1759064419890-score_0]                 Book.java:2491 | Book stored as C:\Users\Jay Mirasol\Downloads\Balik-Suling-Updated-FreelanceProject-main\Balik-Suling-Updated-FreelanceProject-main\backend\omr-out\1759064419895\1759064419890-score_0.omr
2025-09-28 21:00:23,439 INFO [1759064419890-score_0]            SheetStub.java:1660 | Disposed sheet
2025-09-28 21:00:23,471 INFO [1759064419890-score_0]                 Book.java:2018 | End of Stub#1 memory: 14,385,752
2025-09-28 21:00:23,472 INFO [1759064419890-score_0]                 Book.java:2025 | Book processed.
2025-09-28 21:00:23,472 INFO [1759064419890-score_0]                 Book.java:599  | Could not export since transcription did not complete successfully
