2025-09-30 22:54:25,381 INFO [1759244062547-twinkleScoreSheet]                 Book.java:562  | 1 sheet in C:\Dev\Balik-Suling-Updated-FreelanceProject-main\backend\uploads\1759244062547-twinkleScoreSheet.png
2025-09-30 22:54:25,636 INFO []                 Book.java:2531 | Stored /book.xml
2025-09-30 22:54:25,637 INFO []                 Book.java:2491 | Book stored as C:\Dev\Balik-Suling-Updated-FreelanceProject-main\backend\omr-out\1759244062561\1759244062547-twinkleScoreSheet.omr
2025-09-30 22:54:25,644 INFO []                 Book.java:1933 | Book reaching PAGE on sheets:[#1]
2025-09-30 22:54:25,658 INFO [1759244062547-twinkleScoreSheet]       StepMonitoring.java:98   | LOAD
2025-09-30 22:54:25,699 INFO [1759244062547-twinkleScoreSheet]            SheetStub.java:1273 | Loaded image #1 850x1100 from C:\Dev\Balik-Suling-Updated-FreelanceProject-main\backend\uploads\1759244062547-twinkleScoreSheet.png
2025-09-30 22:54:25,705 INFO [1759244062547-twinkleScoreSheet]       StepMonitoring.java:98   | BINARY
2025-09-30 22:54:25,939 INFO [1759244062547-twinkleScoreSheet]       StepMonitoring.java:98   | SCALE
2025-09-30 22:54:25,964 WARN [1759244062547-twinkleScoreSheet]            SheetStub.java:412  | 1759244062547-twinkleScoreSheet

 With a too low interline value of 7 pixels,
 either this sheet contains no multi-line staves,
 or the picture resolution is too low (try 300 DPI).

 This interline value is NOT RELIABLE!
2025-09-30 22:54:25,966 INFO [1759244062547-twinkleScoreSheet]                 Book.java:545  | Created scores: []
2025-09-30 22:54:25,966 INFO [1759244062547-twinkleScoreSheet]            SheetStub.java:1191 | Sheet 1759244062547-twinkleScoreSheet flagged as invalid.
2025-09-30 22:54:25,967 INFO [1759244062547-twinkleScoreSheet]            SheetStub.java:1410 | StepException cause detected in [LOAD, BINARY, SCALE, GRID, HEADERS, STEM_SEEDS, BEAMS, LEDGERS, HEADS, STEMS, REDUCTION, CUE_BEAMS, TEXTS, MEASURES, CHORDS, CURVES, SYMBOLS, LINKS, RHYTHMS, PAGE]
2025-09-30 22:54:25,967 INFO [1759244062547-twinkleScoreSheet]                 Book.java:2550 | Book{1759244062547-twinkleScoreSheet} storing
2025-09-30 22:54:25,991 INFO [1759244062547-twinkleScoreSheet]                 Book.java:2531 | Stored /book.xml
2025-09-30 22:54:26,053 INFO [1759244062547-twinkleScoreSheet]           DataHolder.java:348  | Stored /sheet#1/BINARY.png
2025-09-30 22:54:26,467 INFO [1759244062547-twinkleScoreSheet]                Sheet.java:1583 | Stored /sheet#1/sheet#1.xml
2025-09-30 22:54:26,468 INFO [1759244062547-twinkleScoreSheet]                 Book.java:2491 | Book stored as C:\Dev\Balik-Suling-Updated-FreelanceProject-main\backend\omr-out\1759244062561\1759244062547-twinkleScoreSheet.omr
2025-09-30 22:54:26,473 INFO [1759244062547-twinkleScoreSheet]            SheetStub.java:1660 | Disposed sheet
2025-09-30 22:54:26,513 INFO [1759244062547-twinkleScoreSheet]                 Book.java:2018 | End of Stub#1 memory: 14,416,832
2025-09-30 22:54:26,515 INFO [1759244062547-twinkleScoreSheet]                 Book.java:2025 | Book processed.
2025-09-30 22:54:26,515 INFO [1759244062547-twinkleScoreSheet]                 Book.java:599  | Could not export since transcription did not complete successfully
