2025-09-30 22:58:13,239 INFO [1759244290311-twinkleScoreSheet]                 Book.java:562  | 1 sheet in C:\Dev\Balik-Suling-Updated-FreelanceProject-main\backend\uploads\1759244290311-twinkleScoreSheet.png
2025-09-30 22:58:13,485 INFO []                 Book.java:2531 | Stored /book.xml
2025-09-30 22:58:13,486 INFO []                 Book.java:2491 | Book stored as C:\Dev\Balik-Suling-Updated-FreelanceProject-main\backend\omr-out\1759244290313\1759244290311-twinkleScoreSheet.omr
2025-09-30 22:58:13,493 INFO []                 Book.java:1933 | Book reaching PAGE on sheets:[#1]
2025-09-30 22:58:13,496 INFO [1759244290311-twinkleScoreSheet]       StepMonitoring.java:98   | LOAD
2025-09-30 22:58:13,537 INFO [1759244290311-twinkleScoreSheet]            SheetStub.java:1273 | Loaded image #1 850x1100 from C:\Dev\Balik-Suling-Updated-FreelanceProject-main\backend\uploads\1759244290311-twinkleScoreSheet.png
2025-09-30 22:58:13,545 INFO [1759244290311-twinkleScoreSheet]       StepMonitoring.java:98   | BINARY
2025-09-30 22:58:13,773 INFO [1759244290311-twinkleScoreSheet]       StepMonitoring.java:98   | SCALE
2025-09-30 22:58:13,795 WARN [1759244290311-twinkleScoreSheet]            SheetStub.java:412  | 1759244290311-twinkleScoreSheet

 With a too low interline value of 7 pixels,
 either this sheet contains no multi-line staves,
 or the picture resolution is too low (try 300 DPI).

 This interline value is NOT RELIABLE!
2025-09-30 22:58:13,796 INFO [1759244290311-twinkleScoreSheet]                 Book.java:545  | Created scores: []
2025-09-30 22:58:13,797 INFO [1759244290311-twinkleScoreSheet]            SheetStub.java:1191 | Sheet 1759244290311-twinkleScoreSheet flagged as invalid.
2025-09-30 22:58:13,798 INFO [1759244290311-twinkleScoreSheet]            SheetStub.java:1410 | StepException cause detected in [LOAD, BINARY, SCALE, GRID, HEADERS, STEM_SEEDS, BEAMS, LEDGERS, HEADS, STEMS, REDUCTION, CUE_BEAMS, TEXTS, MEASURES, CHORDS, CURVES, SYMBOLS, LINKS, RHYTHMS, PAGE]
2025-09-30 22:58:13,799 INFO [1759244290311-twinkleScoreSheet]                 Book.java:2550 | Book{1759244290311-twinkleScoreSheet} storing
2025-09-30 22:58:13,823 INFO [1759244290311-twinkleScoreSheet]                 Book.java:2531 | Stored /book.xml
2025-09-30 22:58:13,864 INFO [1759244290311-twinkleScoreSheet]           DataHolder.java:348  | Stored /sheet#1/BINARY.png
2025-09-30 22:58:14,265 INFO [1759244290311-twinkleScoreSheet]                Sheet.java:1583 | Stored /sheet#1/sheet#1.xml
2025-09-30 22:58:14,266 INFO [1759244290311-twinkleScoreSheet]                 Book.java:2491 | Book stored as C:\Dev\Balik-Suling-Updated-FreelanceProject-main\backend\omr-out\1759244290313\1759244290311-twinkleScoreSheet.omr
2025-09-30 22:58:14,279 INFO [1759244290311-twinkleScoreSheet]            SheetStub.java:1660 | Disposed sheet
2025-09-30 22:58:14,321 INFO [1759244290311-twinkleScoreSheet]                 Book.java:2018 | End of Stub#1 memory: 14,397,376
2025-09-30 22:58:14,322 INFO [1759244290311-twinkleScoreSheet]                 Book.java:2025 | Book processed.
2025-09-30 22:58:14,323 INFO [1759244290311-twinkleScoreSheet]                 Book.java:599  | Could not export since transcription did not complete successfully
