2025-09-28 03:24:45,624 INFO [1759001080338-sample_score_twinkle_small]                 Book.java:562  | 1 sheet in C:\Users\Jay Mirasol\Downloads\Balik-Suling-Updated-FreelanceProject-main\Balik-Suling-Updated-FreelanceProject-main\backend\uploads\1759001080338-sample_score_twinkle_small.jpg
2025-09-28 03:24:45,917 INFO []                 Book.java:2531 | Stored /book.xml
2025-09-28 03:24:45,918 INFO []                 Book.java:2491 | Book stored as C:\Users\Jay Mirasol\Downloads\Balik-Suling-Updated-FreelanceProject-main\Balik-Suling-Updated-FreelanceProject-main\backend\omr-out\1759001080341\1759001080338-sample_score_twinkle_small.omr
2025-09-28 03:24:45,933 INFO []                 Book.java:1933 | Book reaching PAGE on sheets:[#1]
2025-09-28 03:24:45,936 INFO [1759001080338-sample_score_twinkle_small]       StepMonitoring.java:98   | LOAD
2025-09-28 03:24:46,004 INFO [1759001080338-sample_score_twinkle_small]            SheetStub.java:1273 | Loaded image #1 827x1169 from C:\Users\Jay Mirasol\Downloads\Balik-Suling-Updated-FreelanceProject-main\Balik-Suling-Updated-FreelanceProject-main\backend\uploads\1759001080338-sample_score_twinkle_small.jpg
2025-09-28 03:24:46,010 INFO [1759001080338-sample_score_twinkle_small]            ImageUtil.java:124  | Converting max RGB to gray
2025-09-28 03:24:46,101 INFO [1759001080338-sample_score_twinkle_small]       StepMonitoring.java:98   | BINARY
2025-09-28 03:24:46,289 INFO [1759001080338-sample_score_twinkle_small]       StepMonitoring.java:98   | SCALE
2025-09-28 03:24:46,306 WARN [1759001080338-sample_score_twinkle_small]            SheetStub.java:412  | 1759001080338-sample_score_twinkle_small

 With a too low interline value of 7 pixels,
 either this sheet contains no multi-line staves,
 or the picture resolution is too low (try 300 DPI).

 This interline value is NOT RELIABLE!
2025-09-28 03:24:46,307 INFO [1759001080338-sample_score_twinkle_small]                 Book.java:545  | Created scores: []
2025-09-28 03:24:46,308 INFO [1759001080338-sample_score_twinkle_small]            SheetStub.java:1191 | Sheet 1759001080338-sample_score_twinkle_small flagged as invalid.
2025-09-28 03:24:46,308 INFO [1759001080338-sample_score_twinkle_small]            SheetStub.java:1410 | StepException cause detected in [LOAD, BINARY, SCALE, GRID, HEADERS, STEM_SEEDS, BEAMS, LEDGERS, HEADS, STEMS, REDUCTION, CUE_BEAMS, TEXTS, MEASURES, CHORDS, CURVES, SYMBOLS, LINKS, RHYTHMS, PAGE]
2025-09-28 03:24:46,309 INFO [1759001080338-sample_score_twinkle_small]                 Book.java:2550 | Book{1759001080338-sample_score_twinkle_small} storing
2025-09-28 03:24:46,338 INFO [1759001080338-sample_score_twinkle_small]                 Book.java:2531 | Stored /book.xml
2025-09-28 03:24:46,404 INFO [1759001080338-sample_score_twinkle_small]           DataHolder.java:348  | Stored /sheet#1/BINARY.png
2025-09-28 03:24:46,811 INFO [1759001080338-sample_score_twinkle_small]                Sheet.java:1583 | Stored /sheet#1/sheet#1.xml
2025-09-28 03:24:46,812 INFO [1759001080338-sample_score_twinkle_small]                 Book.java:2491 | Book stored as C:\Users\Jay Mirasol\Downloads\Balik-Suling-Updated-FreelanceProject-main\Balik-Suling-Updated-FreelanceProject-main\backend\omr-out\1759001080341\1759001080338-sample_score_twinkle_small.omr
2025-09-28 03:24:46,816 INFO [1759001080338-sample_score_twinkle_small]            SheetStub.java:1660 | Disposed sheet
2025-09-28 03:24:46,857 INFO [1759001080338-sample_score_twinkle_small]                 Book.java:2018 | End of Stub#1 memory: 12,353,688
2025-09-28 03:24:46,858 INFO [1759001080338-sample_score_twinkle_small]                 Book.java:2025 | Book processed.
2025-09-28 03:24:46,858 INFO [1759001080338-sample_score_twinkle_small]                 Book.java:599  | Could not export since transcription did not complete successfully
